[    0.000000] Initializing cgroup subsys cpuset
[    0.000000] Initializing cgroup subsys cpu
[    0.000000] Initializing cgroup subsys cpuacct
[    0.000000] Linux version 4.4.0-146-generic (buildd@lcy01-amd64-025) (gcc version 5.4.0 20160609 (Ubuntu 5.4.0-6ubuntu1~16.04.10) ) #172-Ubuntu SMP Wed Apr 3 09:00:08 UTC 2019 (Ubuntu 4.4.0-146.172-generic 4.4.177)
[    0.000000] Command line: BOOT_IMAGE=/boot/vmlinuz-4.4.0-146-generic root=LABEL=cloudimg-rootfs ro console=tty1 console=ttyS0
[    0.000000] KERNEL supported cpus:
[    0.000000]   Intel GenuineIntel
[    0.000000]   AMD AuthenticAMD
[    0.000000]   Centaur CentaurHauls
[    0.000000] x86/fpu: xstate_offset[2]:  576, xstate_sizes[2]:  256
[    0.000000] x86/fpu: Supporting XSAVE feature 0x01: 'x87 floating point registers'
[    0.000000] x86/fpu: Supporting XSAVE feature 0x02: 'SSE registers'
[    0.000000] x86/fpu: Supporting XSAVE feature 0x04: 'AVX registers'
[    0.000000] x86/fpu: Enabled xstate features 0x7, context size is 832 bytes, using 'standard' format.
[    0.000000] e820: BIOS-provided physical RAM map:
[    0.000000] BIOS-e820: [mem 0x0000000000000000-0x000000000009fbff] usable
[    0.000000] BIOS-e820: [mem 0x000000000009fc00-0x000000000009ffff] reserved
[    0.000000] BIOS-e820: [mem 0x00000000000f0000-0x00000000000fffff] reserved
[    0.000000] BIOS-e820: [mem 0x0000000000100000-0x000000003ffeffff] usable
[    0.000000] BIOS-e820: [mem 0x000000003fff0000-0x000000003fffffff] ACPI data
[    0.000000] BIOS-e820: [mem 0x00000000fec00000-0x00000000fec00fff] reserved
[    0.000000] BIOS-e820: [mem 0x00000000fee00000-0x00000000fee00fff] reserved
[    0.000000] BIOS-e820: [mem 0x00000000fffc0000-0x00000000ffffffff] reserved
[    0.000000] NX (Execute Disable) protection: active
[    0.000000] SMBIOS 2.5 present.
[    0.000000] Hypervisor detected: KVM
[    0.000000] e820: last_pfn = 0x3fff0 max_arch_pfn = 0x400000000
[    0.000000] MTRR: Disabled
[    0.000000] x86/PAT: MTRRs disabled, skipping PAT initialization too.
[    0.000000] CPU MTRRs all blank - virtualized system.
[    0.000000] x86/PAT: Configuration [0-7]: WB  WT  UC- UC  WB  WT  UC- UC  
[    0.000000] found SMP MP-table at [mem 0x0009fff0-0x0009ffff] mapped at [ffff88000009fff0]
[    0.000000] Scanning 1 areas for low memory corruption
[    0.000000] RAMDISK: [mem 0x362fa000-0x37174fff]
[    0.000000] ACPI: Early table checksum verification disabled
[    0.000000] ACPI: RSDP 0x00000000000E0000 000024 (v02 VBOX  )
[    0.000000] ACPI: XSDT 0x000000003FFF0030 00003C (v01 VBOX   VBOXXSDT 00000001 ASL  00000061)
[    0.000000] ACPI: FACP 0x000000003FFF00F0 0000F4 (v04 VBOX   VBOXFACP 00000001 ASL  00000061)
[    0.000000] ACPI: DSDT 0x000000003FFF0470 0021C8 (v02 VBOX   VBOXBIOS 00000002 INTL 20100528)
[    0.000000] ACPI: FACS 0x000000003FFF0200 000040
[    0.000000] ACPI: FACS 0x000000003FFF0200 000040
[    0.000000] ACPI: APIC 0x000000003FFF0240 00005C (v02 VBOX   VBOXAPIC 00000001 ASL  00000061)
[    0.000000] ACPI: SSDT 0x000000003FFF02A0 0001CC (v01 VBOX   VBOXCPUT 00000002 INTL 20100528)
[    0.000000] No NUMA configuration found
[    0.000000] Faking a node at [mem 0x0000000000000000-0x000000003ffeffff]
[    0.000000] NODE_DATA(0) allocated [mem 0x3ffeb000-0x3ffeffff]
[    0.000000] kvm-clock: Using msrs 4b564d01 and 4b564d00
[    0.000000] kvm-clock: cpu 0, msr 0:3ffe3001, primary cpu clock
[    0.000000] kvm-clock: using sched offset of 3173514812 cycles
[    0.000000] clocksource: kvm-clock: mask: 0xffffffffffffffff max_cycles: 0x1cd42e4dffb, max_idle_ns: 881590591483 ns
[    0.000000] Zone ranges:
[    0.000000]   DMA      [mem 0x0000000000001000-0x0000000000ffffff]
[    0.000000]   DMA32    [mem 0x0000000001000000-0x000000003ffeffff]
[    0.000000]   Normal   empty
[    0.000000]   Device   empty
[    0.000000] Movable zone start for each node
[    0.000000] Early memory node ranges
[    0.000000]   node   0: [mem 0x0000000000001000-0x000000000009efff]
[    0.000000]   node   0: [mem 0x0000000000100000-0x000000003ffeffff]
[    0.000000] Initmem setup node 0 [mem 0x0000000000001000-0x000000003ffeffff]
[    0.000000] ACPI: PM-Timer IO Port: 0x4008
[    0.000000] IOAPIC[0]: apic_id 2, version 32, address 0xfec00000, GSI 0-23
[    0.000000] ACPI: INT_SRC_OVR (bus 0 bus_irq 0 global_irq 2 dfl dfl)
[    0.000000] ACPI: INT_SRC_OVR (bus 0 bus_irq 9 global_irq 9 high level)
[    0.000000] Using ACPI (MADT) for SMP configuration information
[    0.000000] smpboot: Allowing 2 CPUs, 0 hotplug CPUs
[    0.000000] PM: Registered nosave memory: [mem 0x00000000-0x00000fff]
[    0.000000] PM: Registered nosave memory: [mem 0x0009f000-0x0009ffff]
[    0.000000] PM: Registered nosave memory: [mem 0x000a0000-0x000effff]
[    0.000000] PM: Registered nosave memory: [mem 0x000f0000-0x000fffff]
[    0.000000] e820: [mem 0x40000000-0xfebfffff] available for PCI devices
[    0.000000] Booting paravirtualized kernel on KVM
[    0.000000] clocksource: refined-jiffies: mask: 0xffffffff max_cycles: 0xffffffff, max_idle_ns: 7645519600211568 ns
[    0.000000] setup_percpu: NR_CPUS:512 nr_cpumask_bits:512 nr_cpu_ids:2 nr_node_ids:1
[    0.000000] PERCPU: Embedded 34 pages/cpu @ffff88003fc00000 s99480 r8192 d31592 u1048576
[    0.000000] Built 1 zonelists in Node order, mobility grouping on.  Total pages: 257912
[    0.000000] Policy zone: DMA32
[    0.000000] Kernel command line: BOOT_IMAGE=/boot/vmlinuz-4.4.0-146-generic root=LABEL=cloudimg-rootfs ro console=tty1 console=ttyS0
[    0.000000] PID hash table entries: 4096 (order: 3, 32768 bytes)
[    0.000000] Memory: 997732K/1048120K available (8609K kernel code, 1334K rwdata, 4028K rodata, 1484K init, 1284K bss, 50388K reserved, 0K cma-reserved)
[    0.000000] SLUB: HWalign=64, Order=0-3, MinObjects=0, CPUs=2, Nodes=1
[    0.000000] Kernel/User page tables isolation: enabled
[    0.000000] Hierarchical RCU implementation.
[    0.000000] 	Build-time adjustment of leaf fanout to 64.
[    0.000000] 	RCU restricting CPUs from NR_CPUS=512 to nr_cpu_ids=2.
[    0.000000] RCU: Adjusting geometry for rcu_fanout_leaf=64, nr_cpu_ids=2
[    0.000000] NR_IRQS:33024 nr_irqs:440 16
[    0.000000] Console: colour VGA+ 80x25
[    0.000000] console [tty1] enabled
[    0.000000] console [ttyS0] enabled
[    0.000000] tsc: Detected 1799.999 MHz processor
[    4.218464] Calibrating delay loop (skipped) preset value.. 3599.99 BogoMIPS (lpj=7199996)
[    4.220565] pid_max: default: 32768 minimum: 301
[    4.221804] ACPI: Core revision 20150930
[    4.223668] ACPI: 2 ACPI AML tables successfully acquired and loaded
[    4.275830] Security Framework initialized
[    4.309914] Yama: becoming mindful.
[    4.316581] AppArmor: AppArmor initialized
[    4.363906] Dentry cache hash table entries: 131072 (order: 8, 1048576 bytes)
[    4.463569] Inode-cache hash table entries: 65536 (order: 7, 524288 bytes)
[    4.535916] Mount-cache hash table entries: 2048 (order: 2, 16384 bytes)
[    4.620673] Mountpoint-cache hash table entries: 2048 (order: 2, 16384 bytes)
[    4.701534] Initializing cgroup subsys io
[    4.753776] Initializing cgroup subsys memory
[    4.760461] Initializing cgroup subsys devices
[    4.761690] Initializing cgroup subsys freezer
[    4.762868] Initializing cgroup subsys net_cls
[    4.764064] Initializing cgroup subsys perf_event
[    4.765362] Initializing cgroup subsys net_prio
[    4.766548] Initializing cgroup subsys hugetlb
[    4.767709] Initializing cgroup subsys pids
[    4.769879] mce: CPU supports 0 MCE banks
[    4.777810] Last level iTLB entries: 4KB 64, 2MB 8, 4MB 8
[    4.779206] Last level dTLB entries: 4KB 64, 2MB 0, 4MB 0, 1GB 4
[    4.780714] Spectre V2 : Mitigation: Full generic retpoline
[    4.782146] Spectre V2 : Spectre v2 / SpectreRSB mitigation: Filling RSB on context switch
[    4.784355] Speculative Store Bypass: Vulnerable
[    4.788337] Freeing SMP alternatives memory: 36K
[    4.798614] ftrace: allocating 32287 entries in 127 pages
[    4.931358] smpboot: APIC(0) Converting physical 0 to logical package 0
[    4.969768] smpboot: Max logical packages: 1
[    5.003212] x2apic enabled
[    5.014837] Switched APIC routing to physical x2apic.
[    5.062014] ..TIMER: vector=0x30 apic1=0 pin1=2 apic2=-1 pin2=-1
[    5.244282] smpboot: CPU0: Intel(R) Core(TM) i5-5350U CPU @ 1.80GHz (family: 0x6, model: 0x3d, stepping: 0x4)
[    5.350566] Performance Events: unsupported p6 CPU model 61 no PMU driver, software events only.
[    5.437004] KVM setup paravirtual spinlock
[    5.484943] x86: Booting SMP configuration:
[    5.541727] .... node  #0, CPUs:      #1
[    5.573699] kvm-clock: cpu 1, msr 0:3ffe3041, secondary cpu clock
[    5.595094] mce: CPU supports 0 MCE banks
[    5.597844] x86: Booted up 1 node, 2 CPUs
[    5.643512] smpboot: Total of 2 processors activated (7199.99 BogoMIPS)
[    5.695072] devtmpfs: initialized
[    5.724245] evm: security.selinux
[    5.747693] evm: security.SMACK64
[    5.781084] evm: security.SMACK64EXEC
[    5.809115] evm: security.SMACK64TRANSMUTE
[    5.844940] evm: security.SMACK64MMAP
[    5.889021] evm: security.ima
[    5.912957] evm: security.capability
[    5.919779] clocksource: jiffies: mask: 0xffffffff max_cycles: 0xffffffff, max_idle_ns: 7645041785100000 ns
[    6.001466] futex hash table entries: 512 (order: 3, 32768 bytes)
[    6.028547] pinctrl core: initialized pinctrl subsystem
[    6.032322] RTC time: 20:29:36, date: 05/14/19
[    6.037492] NET: Registered protocol family 16
[    6.052788] cpuidle: using governor ladder
[    6.092022] cpuidle: using governor menu
[    6.122258] PCCT header not found.
[    6.133369] ACPI: bus type PCI registered
[    6.158550] acpiphp: ACPI Hot Plug PCI Controller Driver version: 0.5
[    6.223800] PCI: Using configuration type 1 for base access
[    6.246211] ACPI: Added _OSI(Module Device)
[    6.274778] ACPI: Added _OSI(Processor Device)
[    6.318589] ACPI: Added _OSI(3.0 _SCP Extensions)
[    6.367479] ACPI: Added _OSI(Processor Aggregator Device)
[    6.411398] ACPI: Executed 1 blocks of module-level executable AML code
[    6.480496] ACPI: Interpreter enabled
[    6.497815] ACPI: (supports S0 S5)
[    6.511834] ACPI: Using IOAPIC for interrupt routing
[    6.556167] PCI: Using host bridge windows from ACPI; if necessary, use "pci=nocrs" and report a bug
[    6.633084] ACPI: PCI Root Bridge [PCI0] (domain 0000 [bus 00-ff])
[    6.686918] acpi PNP0A03:00: _OSC: OS supports [ASPM ClockPM Segments MSI]
[    6.756056] acpi PNP0A03:00: _OSC failed (AE_NOT_FOUND); disabling ASPM
[    6.818476] acpi PNP0A03:00: fail to add MMCONFIG information, can't access extended PCI configuration space under this bridge.
[    6.914013] PCI host bridge to bus 0000:00
[    6.950422] pci_bus 0000:00: root bus resource [io  0x0000-0x0cf7 window]
[    6.998686] pci_bus 0000:00: root bus resource [io  0x0d00-0xffff window]
[    7.041032] pci_bus 0000:00: root bus resource [mem 0x000a0000-0x000bffff window]
[    7.106427] pci_bus 0000:00: root bus resource [mem 0x40000000-0xffdfffff window]
[    7.156944] pci_bus 0000:00: root bus resource [bus 00-ff]
[    7.198370] pci 0000:00:01.1: legacy IDE quirk: reg 0x10: [io  0x01f0-0x01f7]
[    7.249325] pci 0000:00:01.1: legacy IDE quirk: reg 0x14: [io  0x03f6]
[    7.251646] pci 0000:00:01.1: legacy IDE quirk: reg 0x18: [io  0x0170-0x0177]
[    7.256625] pci 0000:00:01.1: legacy IDE quirk: reg 0x1c: [io  0x0376]
[    7.281305] pci 0000:00:07.0: quirk: [io  0x4000-0x403f] claimed by PIIX4 ACPI
[    7.323195] pci 0000:00:07.0: quirk: [io  0x4100-0x410f] claimed by PIIX4 SMB
[    7.355603] ACPI: PCI Interrupt Link [LNKA] (IRQs 5 9 10 *11)
[    7.374117] ACPI: PCI Interrupt Link [LNKB] (IRQs 5 9 10 *11)
[    7.408545] ACPI: PCI Interrupt Link [LNKC] (IRQs 5 9 *10 11)
[    7.433177] ACPI: PCI Interrupt Link [LNKD] (IRQs 5 *9 10 11)
[    7.441473] ACPI: Enabled 2 GPEs in block 00 to 07
[    7.449810] vgaarb: setting as boot device: PCI:0000:00:02.0
[    7.468913] vgaarb: device added: PCI:0000:00:02.0,decodes=io+mem,owns=io+mem,locks=none
[    7.476348] vgaarb: loaded
[    7.477193] vgaarb: bridge control possible 0000:00:02.0
[    7.505824] SCSI subsystem initialized
[    7.538022] ACPI: bus type USB registered
[    7.547256] usbcore: registered new interface driver usbfs
[    7.557504] usbcore: registered new interface driver hub
[    7.565252] usbcore: registered new device driver usb
[    7.593290] PCI: Using ACPI for IRQ routing
[    7.608269] NetLabel: Initializing
[    7.609244] NetLabel:  domain hash size = 128
[    7.610463] NetLabel:  protocols = UNLABELED CIPSOv4
[    7.616443] NetLabel:  unlabeled traffic allowed by default
[    7.628946] amd_nb: Cannot enumerate AMD northbridges
[    7.657581] clocksource: Switched to clocksource kvm-clock
[    7.668525] AppArmor: AppArmor Filesystem Enabled
[    7.682159] pnp: PnP ACPI init
[    7.699683] pnp: PnP ACPI: found 3 devices
[    7.731590] clocksource: acpi_pm: mask: 0xffffff max_cycles: 0xffffff, max_idle_ns: 2085701024 ns
[    7.900961] NET: Registered protocol family 2
[    7.990471] TCP established hash table entries: 8192 (order: 4, 65536 bytes)
[    8.120672] TCP bind hash table entries: 8192 (order: 5, 131072 bytes)
[    8.225880] TCP: Hash tables configured (established 8192 bind 8192)
[    8.263457] UDP hash table entries: 512 (order: 2, 16384 bytes)
[    8.322166] UDP-Lite hash table entries: 512 (order: 2, 16384 bytes)
[    8.383309] NET: Registered protocol family 1
[    8.384482] pci 0000:00:00.0: Limiting direct PCI/PCI transfers
[    8.386160] pci 0000:00:01.0: Activating ISA DMA hang workarounds
[    8.487511] Unpacking initramfs...
[    8.762925] Freeing initrd memory: 14828K
[    8.818353] RAPL PMU detected, API unit is 2^-32 Joules, 4 fixed counters 10737418240 ms ovfl timer
[    8.961311] hw unit of domain pp0-core 2^-0 Joules
[    9.031338] hw unit of domain package 2^-0 Joules
[    9.071126] hw unit of domain dram 2^-0 Joules
[    9.164437] hw unit of domain pp1-gpu 2^-0 Joules
[    9.256876] platform rtc_cmos: registered platform RTC device (no PNP device found)
[    9.326722] Scanning for low memory corruption every 60 seconds
[    9.406089] audit: initializing netlink subsys (disabled)
[    9.445350] audit: type=2000 audit(1557865777.089:1): initialized
[    9.490802] Initialise system trusted keyring
[    9.505779] HugeTLB registered 2 MB page size, pre-allocated 0 pages
[    9.581958] zbud: loaded
[    9.603885] VFS: Disk quotas dquot_6.6.0
[    9.679944] VFS: Dquot-cache hash table entries: 512 (order 0, 4096 bytes)
[    9.800643] squashfs: version 4.0 (2009/01/31) Phillip Lougher
[    9.914447] fuse init (API version 7.23)
[    9.991083] Key type big_key registered
[   10.038248] Allocating IMA MOK and blacklist keyrings.
[   10.103392] Key type asymmetric registered
[   10.147574] Asymmetric key parser 'x509' registered
[   10.200623] Block layer SCSI generic (bsg) driver version 0.4 loaded (major 249)
[   10.252172] io scheduler noop registered
[   10.298194] tsc: Refined TSC clocksource calibration: 1799.611 MHz
[   10.411978] clocksource: tsc: mask: 0xffffffffffffffff max_cycles: 0x19f0ba3da39, max_idle_ns: 440795288276 ns
[   10.412020] io scheduler deadline registered (default)
[   10.412119] io scheduler cfq registered
[   10.412233] pci_hotplug: PCI Hot Plug PCI Core version: 0.5
[   10.412239] pciehp: PCI Express Hot Plug Controller Driver version: 0.4
[   10.412565] ACPI: AC Adapter [AC] (on-line)
[   10.412623] input: Power Button as /devices/LNXSYSTM:00/LNXPWRBN:00/input/input0
[   10.412626] ACPI: Power Button [PWRF]
[   10.412698] input: Sleep Button as /devices/LNXSYSTM:00/LNXSLPBN:00/input/input1
[   10.412700] ACPI: Sleep Button [SLPF]
[   10.413995] ACPI: Battery Slot [BAT0] (battery present)
[   10.414037] GHES: HEST is not enabled!
[   10.414137] Serial: 8250/16550 driver, 32 ports, IRQ sharing enabled
[   10.605936] 00:02: ttyS0 at I/O 0x3f8 (irq = 4, base_baud = 115200) is a 16550A
[   10.632201] Linux agpgart interface v0.103
[   10.649837] loop: module loaded
[   10.650443] scsi host0: ata_piix
[   10.650507] scsi host1: ata_piix
[   10.650539] ata1: PATA max UDMA/33 cmd 0x1f0 ctl 0x3f6 bmdma 0xd000 irq 14
[   10.650540] ata2: PATA max UDMA/33 cmd 0x170 ctl 0x376 bmdma 0xd008 irq 15
[   10.650623] libphy: Fixed MDIO Bus: probed
[   10.650625] tun: Universal TUN/TAP device driver, 1.6
[   10.650626] tun: (C) 1999-2004 Max Krasnyansky <maxk@qualcomm.com>
[   10.650925] PPP generic driver version 2.4.2
[   10.650985] ehci_hcd: USB 2.0 'Enhanced' Host Controller (EHCI) Driver
[   10.650989] ehci-pci: EHCI PCI platform driver
[   10.651006] ehci-platform: EHCI generic platform driver
[   10.651015] ohci_hcd: USB 1.1 'Open' Host Controller (OHCI) Driver
[   10.651019] ohci-pci: OHCI PCI platform driver
[   10.651029] ohci-platform: OHCI generic platform driver
[   10.651036] uhci_hcd: USB Universal Host Controller Interface driver
[   10.651095] i8042: PNP: PS/2 Controller [PNP0303:PS2K,PNP0f03:PS2M] at 0x60,0x64 irq 1,12
[   10.701040] serio: i8042 KBD port at 0x60,0x64 irq 1
[   10.701047] serio: i8042 AUX port at 0x60,0x64 irq 12
[   10.701179] mousedev: PS/2 mouse device common for all mice
[   10.701489] rtc_cmos rtc_cmos: rtc core: registered rtc_cmos as rtc0
[   10.701546] rtc_cmos rtc_cmos: alarms up to one day, 114 bytes nvram
[   10.701553] i2c /dev entries driver
[   10.701611] device-mapper: uevent: version 1.0.3
[   10.701661] device-mapper: ioctl: 4.34.0-ioctl (2015-10-28) initialised: dm-devel@redhat.com
[   10.701685] ledtrig-cpu: registered to indicate activity on CPUs
[   10.701971] NET: Registered protocol family 10
[   10.702197] NET: Registered protocol family 17
[   10.702206] Key type dns_resolver registered
[   10.702445] registered taskstats version 1
[   10.702460] Loading compiled-in X.509 certificates
[   10.703104] Loaded X.509 cert 'Build time autogenerated kernel key: 4dcb2dc2c7cf43e0c20c44384f68683c20294489'
[   10.703121] zswap: loaded using pool lzo/zbud
[   10.705035] Key type trusted registered
[   10.708255] Key type encrypted registered
[   10.708261] AppArmor: AppArmor sha1 policy hashing enabled
[   10.708264] ima: No TPM chip found, activating TPM-bypass!
[   10.708269] ima: Allocated hash algorithm: sha1
[   10.708281] evm: HMAC attrs: 0x1
[   10.708592]   Magic number: 3:95:498
[   10.709878] rtc_cmos rtc_cmos: setting system clock to 2019-05-14 20:29:40 UTC (1557865780)
[   10.709987] BIOS EDD facility v0.16 2004-Jun-25, 0 devices found
[   10.709988] EDD information not available.
[   10.792081] input: AT Translated Set 2 keyboard as /devices/platform/i8042/serio0/input/input2
[   11.970506] Freeing unused kernel memory: 1484K
[   12.086130] Write protecting the kernel read-only data: 14336k
[   12.254784] Freeing unused kernel memory: 1620K
[   12.341095] Freeing unused kernel memory: 68K
Loading, please wait...
starting version 229
[   12.477517] random: systemd-udevd: uninitialized urandom read (16 bytes read, 7 bits of entropy available)
[   12.478716] random: udevadm: uninitialized urandom read (16 bytes read, 7 bits of entropy available)
[   12.478742] random: udevadm: uninitialized urandom read (16 bytes read, 7 bits of entropy available)
[   12.491295] random: udevadm: uninitialized urandom read (16 bytes read, 7 bits of entropy available)
[   12.491355] random: udevadm: uninitialized urandom read (16 bytes read, 7 bits of entropy available)
[   12.491589] random: udevadm: uninitialized urandom read (16 bytes read, 7 bits of entropy available)
[   12.491679] random: udevadm: uninitialized urandom read (16 bytes read, 7 bits of entropy available)
[   12.491769] random: udevadm: uninitialized urandom read (16 bytes read, 7 bits of entropy available)
[   12.491861] random: udevadm: uninitialized urandom read (16 bytes read, 7 bits of entropy available)
[   12.491949] random: udevadm: uninitialized urandom read (16 bytes read, 7 bits of entropy available)
[   12.841222] e1000: Intel(R) PRO/1000 Network Driver - version 7.3.21-k8-NAPI
[   12.869408] e1000: Copyright (c) 1999-2006 Intel Corporation.
[   12.885264] Fusion MPT base driver 3.04.20
[   12.893670] Copyright (c) 1999-2008 LSI Corporation
[   12.930487] Fusion MPT SPI Host driver 3.04.20
[   12.980294] AVX version of gcm_enc/dec engaged.
[   12.982742] AES CTR mode by8 optimization enabled
[   13.161300] input: ImExPS/2 Generic Explorer Mouse as /devices/platform/i8042/serio1/input/input4
[   13.426516] e1000 0000:00:03.0 eth0: (PCI:33MHz:32-bit) 02:3a:f4:24:e2:72
[   13.467608] e1000 0000:00:03.0 eth0: Intel(R) PRO/1000 Network Connection
[   13.535457] mptbase: ioc0: Initiating bringup
[   13.655538] ioc0: LSI53C1030 A0: Capabilities={Initiator}
[   13.943274] scsi host2: ioc0: LSI53C1030 A0, FwRev=00000000h, Ports=1, MaxQ=256, IRQ=20
[   14.058370] scsi 2:0:0:0: Direct-Access     VBOX     HARDDISK         1.0  PQ: 0 ANSI: 5
[   14.101731] scsi target2:0:0: Beginning Domain Validation
[   14.106336] scsi target2:0:0: Domain Validation skipping write tests
[   14.112936] scsi target2:0:0: Ending Domain Validation
[   14.115548] scsi target2:0:0: asynchronous
[   14.125896] scsi 2:0:1:0: Direct-Access     VBOX     HARDDISK         1.0  PQ: 0 ANSI: 5
[   14.136496] scsi target2:0:1: Beginning Domain Validation
[   14.140067] scsi target2:0:1: Domain Validation skipping write tests
[   14.159990] scsi target2:0:1: Ending Domain Validation
[   14.162654] scsi target2:0:1: asynchronous
[   14.174765] sd 2:0:0:0: Attached scsi generic sg0 type 0
[   14.177455] sd 2:0:0:0: [sda] 20971520 512-byte logical blocks: (10.7 GB/10.0 GiB)
[   14.180208] sd 2:0:1:0: [sdb] 20480 512-byte logical blocks: (10.5 MB/10.0 MiB)
[   14.182531] sd 2:0:0:0: [sda] Write Protect is off
[   14.183960] sd 2:0:1:0: Attached scsi generic sg1 type 0
[   14.187249] sd 2:0:1:0: [sdb] Write Protect is off
[   14.191739] sd 2:0:0:0: [sda] Incomplete mode parameter data
[   14.197331] sd 2:0:0:0: [sda] Assuming drive cache: write through
[   14.200504] sd 2:0:1:0: [sdb] Incomplete mode parameter data
[   14.209208] sd 2:0:1:0: [sdb] Assuming drive cache: write through
[   14.214616]  sda: sda1
[   14.222466] sd 2:0:0:0: [sda] Attached SCSI disk
[   14.225069] sd 2:0:1:0: [sdb] Attached SCSI disk
[   14.432858] e1000 0000:00:08.0 eth1: (PCI:33MHz:32-bit) 08:00:27:e4:bc:65
[   14.506000] e1000 0000:00:08.0 eth1: Intel(R) PRO/1000 Network Connection
[   14.568463] e1000 0000:00:08.0 enp0s8: renamed from eth1
[   14.698177] e1000 0000:00:03.0 enp0s3: renamed from eth0
Begin: Loading essential drivers[   16.193910] md: linear personality registered for level -1
 ... [   16.239541] md: multipath personality registered for level -4
[   16.267372] md: raid0 personality registered for level 0
[   16.309852] md: raid1 personality registered for level 1
[   16.381663] raid6: sse2x1   gen()  8051 MB/s
[   16.530140] raid6: sse2x1   xor()  6167 MB/s
[   16.614140] raid6: sse2x2   gen() 10301 MB/s
[   16.689657] raid6: sse2x2   xor()  7040 MB/s
[   16.766134] raid6: sse2x4   gen() 11709 MB/s
[   16.853704] raid6: sse2x4   xor()  8770 MB/s
[   16.868277] raid6: using algorithm sse2x4 gen() 11709 MB/s
[   16.869544] raid6: .... xor() 8770 MB/s, rmw enabled
[   16.871950] raid6: using ssse3x2 recovery algorithm
[   16.874387] xor: automatically using best checksumming function:
[   16.949894]    avx       : 25183.000 MB/sec
[   16.997075] async_tx: api initialized (async)
[   17.025491] md: raid6 personality registered for level 6
[   17.091032] md: raid5 personality registered for level 5
[   17.231536] md: raid4 personality registered for level 4
[   17.278058] md: raid10 personality registered for level 10
done.
Begin: Running /scripts/init-premount ... done.
Begin: Mounting root file system ... Begin: R[   17.343620] Btrfs loaded
unning /scripts/local-top ... done.
Begin: Running /scripts/local-premount ... Scanning for Btrfs filesystems
[   17.393541] EXT4-fs (sda1): mounted filesystem with ordered data mode. Opts: (null)
done.
Warning: fsck not present, so skipping root file system
done.
Begin: Running /scripts/local-bottom ... done.
Begin: Running /scripts/init-bottom ... done.
[   17.599600] systemd[1]: systemd 229 running in system mode. (+PAM +AUDIT +SELINUX +IMA +APPARMOR +SMACK +SYSVINIT +UTMP +LIBCRYPTSETUP +GCRYPT +GNUTLS +ACL +XZ -LZ4 +SECCOMP +BLKID +ELFUTILS +KMOD -IDN)
[   17.788657] systemd[1]: Detected virtualization oracle.
[   17.839759] systemd[1]: Detected architecture x86-64.

Welcome to [1mUbuntu 16.04.6 LTS[0m!

[   17.926626] systemd[1]: Set hostname to <ubuntu>.
[   18.012510] systemd[1]: Initializing machine ID from random generator.
[   18.070483] systemd[1]: Installed transient /etc/machine-id file.
[   18.250915] systemd[1]: Listening on LVM2 poll daemon socket.
[[0;32m  OK  [0m] Listening on LVM2 poll daemon socket.
[   18.358417] systemd[1]: Listening on Journal Audit Socket.
[[0;32m  OK  [0m] Listening on Journal Audit Socket.
[   18.425781] systemd[1]: Listening on LVM2 metadata daemon socket.
[[0;32m  OK  [0m] Listening on LVM2 metadata daemon socket.
[   18.499032] systemd[1]: Created slice User and Session Slice.
[[0;32m  OK  [0m] Created slice User and Session Slice.
[   18.650798] systemd[1]: Listening on udev Control Socket.
[[0;32m  OK  [0m] Listening on udev Control Socket.
[   18.806591] systemd[1]: Reached target Encrypted Volumes.
[[0;32m  OK  [0m] Reached target Encrypted Volumes.
[   18.954472] systemd[1]: Listening on Device-mapper event daemon FIFOs.
[[0;32m  OK  [0m] Listening on Device-mapper event daemon FIFOs.
[   19.078495] systemd[1]: Started Forward Password Requests to Wall Directory Watch.
[[0;32m  OK  [0m] Started Forward Password Requests to Wall Directory Watch.
[   19.286364] systemd[1]: Reached target Swap.
[[0;32m  OK  [0m] Reached target Swap.
[   19.394251] systemd[1]: Listening on Journal Socket.
[[0;32m  OK  [0m] Listening on Journal Socket.
[   19.533602] systemd[1]: Listening on Journal Socket (/dev/log).
[[0;32m  OK  [0m] Listening on Journal Socket (/dev/log).
[   19.674302] systemd[1]: Reached target User and Group Name Lookups.
[[0;32m  OK  [0m] Reached target User and Group Name Lookups.
[   19.822155] systemd[1]: Started Trigger resolvconf update for networkd DNS.
[[0;32m  OK  [0m] Started Trigger resolvconf update for networkd DNS.
[   20.018538] systemd[1]: Set up automount Arbitrary Executable File Formats File System Automount Point.
[[0;32m  OK  [0m] Set up automount Arbitrary Executab...ats File System Automount Point.
[   20.242388] systemd[1]: Listening on /dev/initctl Compatibility Named Pipe.
[[0;32m  OK  [0m] Listening on /dev/initctl Com[   20.411992] random: nonblocking pool is initialized
patibility Named Pipe.
[   20.538817] systemd[1]: Reached target System Time Synchronized.
[[0;32m  OK  [0m] Reached target System Time Synchronized.
[   20.614167] systemd[1]: Listening on udev Kernel Socket.
[[0;32m  OK  [0m] Listening on udev Kernel Socket.
[   20.686229] systemd[1]: Listening on Syslog Socket.
[[0;32m  OK  [0m] Listening on Syslog Socket.
[   20.778819] systemd[1]: Created slice System Slice.
[[0;32m  OK  [0m] Created slice System Slice.
[   20.909972] systemd[1]: Mounting POSIX Message Queue File System...
         Mounting POSIX Message Queue File System...
[   21.034425] systemd[1]: Starting Remount Root and Kernel File Systems...
         [   21.114811] EXT4-fs (sda1): re-mounted. Opts: (null)
Starting Remount Root and Kernel File Systems...
[   21.262500] systemd[1]: Starting Monitoring of LVM2 mirrors, snapshots etc. using dmeventd or progress polling...
         Starting Monitoring of LVM2 mirrors... dmeventd or progress polling...
[   21.430731] systemd[1]: Starting Uncomplicated firewall...
         Starting Uncomplicated firewall...
[   21.506361] systemd[1]: Reached target Slices.
[[0;32m  OK  [0m] Reached target Slices.
[   21.626042] systemd[1]: Starting Create list of required static device nodes for the current kernel...
         Starting Create list of required st... nodes for the current kernel...
[   21.734912] systemd[1]: Created slice system-serial\x2dgetty.slice.
[[0;32m  OK  [0m] Created slice system-serial\x2dgetty.slice.
[   21.821957] systemd[1]: Starting Set console keymap...
         Starting Set console keymap...
[   21.906094] systemd[1]: Starting Journal Service...
         Starting Journal Service...
[   22.005873] systemd[1]: Mounting Debug File System...
         Mounting Debug File System...
[   22.117928] systemd[1]: Starting Nameserver information manager...
         Starting Nameserver information manager...
[   22.237941] systemd[1]: Mounting Huge Pages File System...
         Mounting Huge Pages File System...
[   22.286293] systemd[1]: Starting Load Kernel Modules...
         Starting Load Kernel Modules...[   22.348223] Loading iSCSI transport class v2.0-870.

[   22.463411] systemd[1]: Mounted POSIX Message Queue File System.
[[0;32m  OK  [0[   22.479133] iscsi: registered transport (tcp)
m] Mounted POSIX Message Queue File System.
[   22.575415] systemd[1]: Mounted Debug File System.
[[0;32m  OK  [0m] Mounted Debug File System.
[   22.631068] iscsi: registered transport (iser)
[   22.744456] systemd[1]: Mounted Huge Pages File System.
[[0;32m  OK  [0m] Mounted Huge Pages File System.
[   22.854448] systemd[1]: Started Journal Service.
[[0;32m  OK  [0m] Started Journal Service.
[[0;32m  OK  [0m] Started Remount Root and Kernel File Systems.
[[0;32m  OK  [0m] Started Uncomplicated firewall.
[[0;32m  OK  [0m] Started Create list of required sta...ce nodes for the current kernel.
[[0;32m  OK  [0m] Started Set console keymap.
[[0;32m  OK  [0m] Started Load Kernel Modules.
[[0;32m  OK  [0m] Started Nameserver information manager.
[[0;32m  OK  [0m] Started LVM2 metadata daemon.
         Starting Apply Kernel Variables...
         Mounting FUSE Control File System...
         Starting Create Static Device Nodes in /dev...
         Starting Load/Save Random Seed...
         Starting udev Coldplug all Devices...
         Starting Flush Journal to Persistent Storage...
[[0;32m  OK  [0m] Mounted FUSE Control File System.
[[0;32m  OK  [0m] Started Apply Kernel Variables.
[[0;32m  OK  [0m] Started Monitoring of LVM2 mirrors,...ng dmeventd or progress polling.
[[0;32m  OK  [0m] Started Create Static Device Nodes in /dev.
[[0;32m  OK  [0m] Started Load/Save Random Seed.
[[0;32m  OK  [0m] Started Flush Journal to Persistent Storage.
[[0;32m  OK  [0m] Started udev Coldplug all Devices.
         Starting udev Kernel Device Manager...
[[0;32m  OK  [0m] Reached target Local File Systems (Pre).
[[0;32m  OK  [0m] Reached target Local File Systems.
         Starting Initial cloud-init job (pre-networking)...
         Starting Create Volatile Files and Directories...
         Starting Tell Plymouth To Write Out Runtime Data...
         Starting LSB: AppArmor initialization...
         Starting Commit a transient machine-id on disk...
         Starting Set console font and keymap...
[[0;32m  OK  [0m] Started udev Kernel Device Manager.
[[0;32m  OK  [0m] Started Create Volatile Files and Directories.
[[0;32m  OK  [0m] Started Tell Plymouth To Write Out Runtime Data.
[[0;32m  OK  [0m] Started Commit a transient machine-id on disk.
[[0;32m  OK  [0m] Found device /dev/ttyS0.
[[0;32m  OK  [0m] Listening on Load/Save RF Kill Switch Status /dev/rfkill Watch.
         Starting Update UTMP about System Boot/Shutdown...
[   18.441600] cloud-init[475]: Cloud-init v. 18.5-45-g3554ffe8-0ubuntu1~16.04.1 running 'init-local' at Tue, 14 May 2019 20:29:54 +0000. Up 17.79 seconds.
[[0;32m  OK  [0m] Started Dispatch Password Requests to Console Directory Watch.
[[0;32m  OK  [0m] Started LSB: AppArmor initialization.
[[0;32m  OK  [0m] Started Set console font and keymap.
[[0;32m  OK  [0m] Started Initial cloud-init job (pre-networking).
[[0;32m  OK  [0m] Started Update UTMP about System Boot/Shutdown.
[[0;32m  OK  [0m] Reached target Network (Pre).
[[0;32m  OK  [0m] Created slice system-getty.slice.
         Starting Raise network interfaces...
[[0;32m  OK  [0m] Started Raise network interfaces.
         Starting Initial cloud-init job (metadata service crawler)...
[[0;32m  OK  [0m] Reached target Network.
[   20.514220] cloud-init[942]: Cloud-init v. 18.5-45-g3554ffe8-0ubuntu1~16.04.1 running 'init' at Tue, 14 May 2019 20:29:56 +0000. Up 19.70 seconds.
[   20.633471] [cloud-init[0;32m  OK  [0m[942]: ] ci-info: ++++++++++++++++++++++++++++++++++++++Net device info+++++++++++++++++++++++++++++++++++++++Started Initial cloud-init job (metadata service crawler).

[   20.634339] cloud-init[942]: ci-info: +--------+-------+----------------------------+---------------+--------+-------------------+
[   20.750944] [cloud-init[0;32m  OK  [0m[942]: ] ci-info: | Device |   Up  |          Address           |      Mask     | Scope  |     Hw-Address    |Reached target System Initialization.

[   20.751547] cloud-init[942]: ci-info: +--------+-------+----------------------------+---------------+--------+-------------------+
[[0;32m  OK  [0m] Started ACPI Events Check.
[   20.800060] cloud-init[942]: ci-info: | enp0s3 |  True |         10.0.2.15          | 255.255.255.0 | global | 02:3a:f4:24:e2:72 |
[   20.848226] [cloud-init[0;32m  OK  [0m[942]: ] ci-info: | enp0s3 |  True | fe80::3a:f4ff:fe24:e272/64 |       .       |  link  | 02:3a:f4:24:e2:72 |Reached target Paths.

         Starting Socket activation for snappy daemon.
[   20.849027] cloud-init[942]: ci-info: | enp0s8 | False |             .              |       .       |   .    | 08:00:27:e4:bc:65 |
[   21.009180]          cloud-initStarting LXD - unix socket.[942]: 
ci-info: |   lo   |  True |         127.0.0.1          |   255.0.0.0   |  host  |         .         |
[   21.044705] [cloud-init[0;32m  OK  [0m[942]: ] ci-info: |   lo   |  True |          ::1/128           |       .       |  host  |         .         |Started Daily apt download activities.

[[0;32m  OK  [0m] Started Daily Cleanup of Temporary Directories.
[   21.045609] cloud-init[942]: ci-info: +--------+-------+----------------------------+---------------+--------+-------------------+
[   21.154502] [cloud-init[0;32m  OK  [0m[942]: ] ci-info: +++++++++++++++++++++++++++Route IPv4 info++++++++++++++++++++++++++++Started Daily apt upgrade and clean activities.

[   21.155202] [cloud-init[0;32m  OK  [0m[942]: ] ci-info: +-------+-------------+----------+---------------+-----------+-------+Reached target Timers.

[   21.296658] [cloud-init[0;32m  OK  [0m[942]: ] ci-info: | Route | Destination | Gateway  |    Genmask    | Interface | Flags |Listening on ACPID Listen Socket.

[[0;32m  OK  [0m] Listening on UUID daemon activation socket.
[   21.297532] cloud-init[942]: ci-info: +-------+-------------+----------+---------------+-----------+-------+
[[0;32m  OK  [0m] Listening on D-Bus System Message Bus Socket.
[[0;32m  OK  [0m] Reached target Network is Online.
[   21.370047] cloud-init[942]: ci-info: |   0   |   0.0.0.0   | 10.0.2.2 |    0.0.0.0    |   enp0s3  |   UG  |
         Starting iSCSI initiator daemon (iscsid)...
[   21.588657] cloud-init[942]: ci-info: |   1   |   10.0.2.0  | 0.0.0.0  | 255.255.255.0 |   enp0s3  |   U   |
[[0;32m  OK  [0m] Reached target Cloud-config availability.
[   21.625102] [cloud-init[0;32m  OK  [0m[942]: ] ci-info: +-------+-------------+----------+---------------+-----------+-------+Listening on Socket activation for snappy daemon.

[[0;32m  OK  [0m] Listening on LXD - unix socket.
[   21.642637] cloud-init[942]: ci-info: +++++++++++++++++++Route IPv6 info+++++++++++++++++++
[   21.709826] [cloud-init[0;32m  OK  [0m[942]: ] ci-info: +-------+-------------+---------+-----------+-------+Reached target Sockets.

[   21.772791] [cloud-init[0;32m  OK  [0m[942]: ] ci-info: | Route | Destination | Gateway | Interface | Flags |Reached target Basic System.

[   21.773601] cloud-init[942]: ci-info: +-------+-------------+---------+-----------+-------+
[   21.843862] [cloud-init[0;32m  OK  [0m[942]: ] ci-info: |   0   |  fe80::/64  |    ::   |   enp0s3  |   U   |Started FUSE filesystem for LXC.

[   21.845824] cloud-init[942]: ci-info: |   3   |   ff00::/8  |    ::   |   enp0s3  |   U   |
[   21.923317] cloud-init[942]: ci-info: +-------+-------------+---------+-----------+-------+
[   21.924657] cloud-init[942]: Generating public/private rsa key pair.
[   21.924786] cloud-init[942]: Your identification has been saved in /etc/ssh/ssh_host_rsa_key.
[   21.924894] cloud-init[942]: Your public key has been saved in /etc/ssh/ssh_host_rsa_key.pub.
[   21.924997] cloud-init[942]: The key fingerprint is:
[   21.925100] cloud-init[942]: SHA256:Fb2hgrVRrbwseMnlvAoIec2BFwYkXAtpnr1BZhTskF0 root@ubuntu-xenial
[   21.925198] cloud-init[942]: The key's randomart image is:
[[0;32m  OK  [0m] Started Regular background program processing daemon.
[   21.925466] cloud-init[942]: +---[RSA 2048]----+
[   22.080498] [cloud-init[0;32m  OK  [0m[942]: ] | .oO*+E  .oo     |Started D-Bus System Message Bus.

[   22.081416] cloud-init[942]: |  *o*+ .o  .+    |
[   22.140776]          cloud-initStarting /etc/rc.local Compatibility...[942]: 
| o Oo oo +.o o   |
[   22.181173]          cloud-initStarting LSB: Record successful boot for GRUB...[942]: 
|  o.++..o.= .    |
[   22.181970] cloud-init[942]: |  o .oooSB .     |
[   22.248627] cloud-init[942]: |   o... = =      |
[[0;32m  OK  [0m] Started Deferred execution scheduler.
[   22.249360] cloud-init[942]: |    . .. . .     |
[   22.330159]          cloud-initStarting Accounts Service...[942]: 
|       .  .      |
[   22.330854] cloud-init[942]: |        ..       |
[   22.392941]          cloud-initStarting Virtualbox guest utils...[942]: 
+----[SHA256]-----+
[   22.440612]          cloud-initStarting Snappy daemon...[942]: 
Generating public/private dsa key pair.
[   22.492534] cloud-init[942]: Your identification has been saved in /etc/ssh/ssh_host_dsa_key.
[   22.536533]          cloud-initStarting Login Service...[942]: 
Your public key has been saved in /etc/ssh/ssh_host_dsa_key.pub.
[   22.557779]          cloud-initStarting Pollinate to seed the pseudo random number generator...[942]: 
The key fingerprint is:
         Starting LSB: MD monitoring daemon...
[   22.649156] cloud-init[942]: SHA256:uQ/wzo8lg0s4h/QLuJnVucAL9NxC9CHCrIlPAwnNMzc root@ubuntu-xenial
[   22.708702]          cloud-initStarting System Logging Service...[942]: 
The key's randomart image is:
[   22.804605] [cloud-init[0;32m  OK  [0m[942]: ] +---[DSA 1024]----+Started ACPI event daemon.

[   22.805390] cloud-init[942]: |.o               |
[   22.850214] cloud-init[942]: |.+= E            |
[   22.861054]          cloud-initStarting LXD - container startup/shutdown...[942]: 
|o ++o..          |
[[0;32m  OK  [0m] Started Unattended Upgrades Shutdown.
[[0;32m  OK  [0m] Started Snappy daemon.
[[0;32m  OK  [0m] Started System Logging Service.
[[0;32m  OK  [0m] Started iSCSI initiator daemon (iscsid).
[[0;32m  OK  [0m] Started /etc/rc.local Compatibility.
[[0;32m  OK  [0m] Started Pollinate to seed the pseudo random number generator.
[   22.880298] [[0;32m  OK  [0m] Started LXD - container startup/shutdown.
cloud-init[942]: |.+ o o . .       |
[   23.014086] cloud-init[942]: |+ + o o S        |
[   23.037634] cloud-init[942]: | + O * = .       |
[   23.050825] cloud-init[942]: |  + % O * .      |
[   23.076971] cloud-init[942]: |   * O * B       |
[[0;32m  OK  [0m] Started LSB: Record successful boot for GRUB.
[   23.153554] cloud-init[942]: |  + . + +.o      |
[   23.214518] cloud-init[942]: +----[SHA256]-----+
[[0;32m  OK  [0m] Started Virtualbox guest utils.
[   23.215465] cloud-init[942]: Generating public/private ecdsa key pair.
[   23.278807] [cloud-init[0;32m  OK  [0m[942]: ] Your identification has been saved in /etc/ssh/ssh_host_ecdsa_key.Started LSB: MD monitoring daemon.

[   23.304958] cloud-init[942]: Your public key has been saved in /etc/ssh/ssh_host_ecdsa_key.pub.
         Starting Authenticate and Authorize Users to Run Privileged Tasks...
[   23.305729] cloud-init[942]: The key fingerprint is:
[   23.358425] cloud-init[942]: SHA256:lHJJ/4sTHRCKMJMrIgb4ZCbQGYgMPR2qV9AEtMJhplo root@ubuntu-xenial
         Starting OpenBSD Secure Shell server...
[   23.359153] cloud-init[942]: The key's randomart image is:
[   23.409750] cloud-init[942]: +---[ECDSA 256]---+
         Starting Login to default iSCSI targets...
[   23.416512] cloud-init[942]: |OO=B*o  . o.     |
[   23.424635] cloud-init[942]: |@.X+++ o = .     |
[   23.429663] cloud-init[942]: |+BE...o * . .    |
[   23.450701] cloud-init[942]: |+=o..  +   o .   |
[   23.473694] cloud-init[942]: |=...    S . o    |
         Starting Wait until snapd is fully seeded...
[   23.475003] cloud-init[942]: | .         o .   |
[   23.508883] cloud-init[942]: |          o .    |
[[0;32m  OK  [0m] Started Login Service.
[[0;32m  OK  [0m] Started Authenticate and Authorize Users to Run Privileged Tasks.
[[0;32m  OK  [0m] Started OpenBSD Secure Shell server.
[   23.519032] [[0;32m  OK  [0m] Started Accounts Service.
cloud-init[942]: |           .     |
[   23.568655] cloud-init[942]: |                 |
[   23.572540] cloud-init[942]: +----[SHA256]-----+
[   23.580506] cloud-init[942]: Generating public/private ed25519 key pair.
[   23.588269] cloud-init[942]: Your identification has been saved in /etc/ssh/ssh_host_ed25519_key.
[   23.618294] cloud-init[942]: Your public key has been saved in /etc/ssh/ssh_host_ed25519_key.pub.
[   23.633271] cloud-init[942]: The key fingerprint is:
[   23.645258] cloud-init[942]: SHA256:enhMAAy5q//57JLZPicoiMJS6+SOwS7ZnMzpS8YNsqE root@ubuntu-xenial
[[0;32m  OK  [0m] Started Login to default iSCSI targets.
[   23.664824] cloud-init[942]: The key's randomart image is:
[   23.694363] [cloud-init[0;32m  OK  [0m[942]: ] +--[ED25519 256]--+Reached target Remote File Systems (Pre).

[[0;32m  OK  [0m] Reached target Remote File Systems.
[   23.695006] cloud-init[942]: |  .+.            |
[   23.742825] cloud-init[942]: |  . ..           |
         Starting Permit User Sessions...
[   23.750029] cloud-init[942]: |   .  .          |
[   23.782030] cloud-init[942]: |  .    .         |
         Starting LSB: automatic crash report generation...
[   23.809659] cloud-init[942]: |o ..    S        |
[   23.865124] cloud-init         Starting LSB: daemon to balance interrupts for SMP systems...
[942]: |o=oo   =         |
         [   23.875888] Starting LSB: Set the CPU Frequency Scaling governor to "ondemand"...cloud-init
[942]: |E@=+.=o +        |
[   23.878172] cloud-init[942]: |XOX =o+o.        |
[   24.000250] cloud-init[942]: |=*B+o==+         |
[   24.000896] cloud-init[942]: +----[SHA256]-----+
[[0;32m  OK  [0m] Started Permit User Sessions.
[[0;32m  OK  [0m] Created slice User Slice of vagrant.
         Starting User Manager for UID 1000...
[[0;32m  OK  [0m] Started Session 1 of user vagrant.
         Starting Terminate Plymouth Boot Screen...
         Starting Hold until boot process finishes up...
[[0;32m  OK  [0m] Started User Manager for UID 1000.
[[0;32m  OK  [0m] Started LSB: automatic crash report generation.
[[0;32m  OK  [0m] Started LSB: daemon to balance interrupts for SMP systems.
[[0;32m  OK  [0m] Started LSB: Set the CPU Frequency Scaling governor to "ondemand".
[[0;32m  OK  [0m] Started Terminate Plymouth Boot Screen.
[[0;32m  OK  [0m] Started Hold until boot process finishes up.
[[0;32m  OK  [0m] Started Getty on tty1.
[[0;32m  OK  [0m] Started Serial Getty on ttyS0.
[[0;32m  OK  [0m] Reached target Login Prompts.
         Starting Set console scheme...
[[0;32m  OK  [0m] Started Wait until snapd is fully seeded.
[[0;32m  OK  [0m] Started Set console scheme.
         Starting Apply the settings specified in cloud-config...
[[0;32m  OK  [0m] Reached target Multi-User System.
[[0;32m  OK  [0m] Reached target Graphical Interface.
         Starting Update UTMP about System Runlevel Changes...
[[0;32m  OK  [0m] Started Update UTMP about System Runlevel Changes.
[   25.425201] cloud-init[1281]: Generating locales (this might take a while)...
[   26.467253] cloud-init[1281]:   en_US.UTF-8... done
[   26.516696] cloud-init[1281]: Generation complete.
[   26.841118] cloud-init[1281]: Cloud-init v. 18.5-45-g3554ffe8-0ubuntu1~16.04.1 running 'modules:config' at Tue, 14 May 2019 20:30:02 +0000. Up 25.20 seconds.
[[0;32m  OK  [0m] Started Apply the settings specified in cloud-config.
         Starting Execute cloud user/final scripts...
         Stopping User Manager for UID 1000...
[[0;32m  OK  [0m] Stopped User Manager for UID 1000.
[[0;32m  OK  [0m] Removed slice User Slice of vagrant.
[[0;32m  OK  [0m] Created slice User Slice of vagrant.
         Starting User Manager for UID 1000...
[[0;32m  OK  [0m] Started Session 2 of user vagrant.
[[0;32m  OK  [0m] Started User Manager for UID 1000.
ci-info: no authorized ssh keys fingerprints found for user ubuntu.
<14>May 14 20:30:04 ec2: 
<14>May 14 20:30:04 ec2: #############################################################
<14>May 14 20:30:04 ec2: -----BEGIN SSH HOST KEY FINGERPRINTS-----
<14>May 14 20:30:04 ec2: 1024 SHA256:uQ/wzo8lg0s4h/QLuJnVucAL9NxC9CHCrIlPAwnNMzc root@ubuntu-xenial (DSA)
<14>May 14 20:30:04 ec2: 256 SHA256:lHJJ/4sTHRCKMJMrIgb4ZCbQGYgMPR2qV9AEtMJhplo root@ubuntu-xenial (ECDSA)
<14>May 14 20:30:04 ec2: 256 SHA256:enhMAAy5q//57JLZPicoiMJS6+SOwS7ZnMzpS8YNsqE root@ubuntu-xenial (ED25519)
<14>May 14 20:30:04 ec2: 2048 SHA256:Fb2hgrVRrbwseMnlvAoIec2BFwYkXAtpnr1BZhTskF0 root@ubuntu-xenial (RSA)
<14>May 14 20:30:04 ec2: -----END SSH HOST KEY FINGERPRINTS-----
<14>May 14 20:30:04 ec2: #############################################################
-----BEGIN SSH HOST KEY KEYS-----
ecdsa-sha2-nistp256 AAAAE2VjZHNhLXNoYTItbmlzdHAyNTYAAAAIbmlzdHAyNTYAAABBBCQWI3NXb5rHeENp8Xaliwa3ikCrwQtenOoEug8vwVw3e85a8ZR+40/XaYx8gj8Y/xPmCajP7ZutejON26ICGds= root@ubuntu-xenial
ssh-ed25519 AAAAC3NzaC1lZDI1NTE5AAAAIN1DTbwFcc8qt7WQRaMl4mkKifI2499SdpLQBR2zwOS7 root@ubuntu-xenial
ssh-rsa AAAAB3NzaC1yc2EAAAADAQABAAABAQC6Kp3yw91Y0ZSfvNAelFxRDx2v/+O6ll9ZoOazt3bprMqhCuM9dZZAHlvI/KuhwaZEgoTnGlLDDkij6DCqePRQGdv15RJHngfpGJa25pTfqxPxbuAdmLEAxMpK5+dvWUpFilUBP9w+pPHli3KEUUuXEGWnL5n0LV7HhPC/Odl4TSE7UICQpNEAEIR4PlVCUUQpqiikU/wbX8moZ1tvjg5xsyX5r2R1ffKcsUCFg8NhrBdCea1rPvYTmsGxzDXXhOTh6ecZbZ3xQU7BDADeTPv6oOEBuzEImi4xCh+pCuFyq8oR7Hz9YnFU+uFAIMqH/Nyy8UMyvuYSnkBRlP+55sJj root@ubuntu-xenial
-----END SSH HOST KEY KEYS-----
[   28.000156] cloud-init[1483]: Cloud-init v. 18.5-45-g3554ffe8-0ubuntu1~16.04.1 running 'modules:final' at Tue, 14 May 2019 20:30:04 +0000. Up 27.51 seconds.
[   28.084396] cloud-init[1483]: ci-info: no authorized ssh keys fingerprints found for user ubuntu.
[[0;32m  OK  [0m[   28.085000] ] cloud-initStarted Execute cloud user/final scripts.[1483]: 
Cloud-init v. 18.5-45-g3554ffe8-0ubuntu1~16.04.1 finished at Tue, 14 May 2019 20:30:04 +0000. Datasource DataSourceNoCloud [seed=/dev/sdb][dsmode=net].  Up 27.98 seconds
[[0;32m  OK  [0m] Reached target Cloud-init target.

Ubuntu 16.04.6 LTS ubuntu-xenial ttyS0

ubuntu-xenial login: 