[    0.000000] Initializing cgroup subsys cpuset
[    0.000000] Initializing cgroup subsys cpu
[    0.000000] Initializing cgroup subsys cpuacct
[    0.000000] Linux version 4.4.0-146-generic (buildd@lcy01-amd64-025) (gcc version 5.4.0 20160609 (Ubuntu 5.4.0-6ubuntu1~16.04.10) ) #172-Ubuntu SMP Wed Apr 3 09:00:08 UTC 2019 (Ubuntu 4.4.0-146.172-generic 4.4.177)
[    0.000000] Command line: BOOT_IMAGE=/boot/vmlinuz-4.4.0-146-generic root=LABEL=cloudimg-rootfs ro console=tty1 console=ttyS0
[    0.000000] KERNEL supported cpus:
[    0.000000]   Intel GenuineIntel
[    0.000000]   AMD AuthenticAMD
[    0.000000]   Centaur CentaurHauls
[    0.000000] x86/fpu: xstate_offset[2]:  576, xstate_sizes[2]:  256
[    0.000000] x86/fpu: Supporting XSAVE feature 0x01: 'x87 floating point registers'
[    0.000000] x86/fpu: Supporting XSAVE feature 0x02: 'SSE registers'
[    0.000000] x86/fpu: Supporting XSAVE feature 0x04: 'AVX registers'
[    0.000000] x86/fpu: Enabled xstate features 0x7, context size is 832 bytes, using 'standard' format.
[    0.000000] e820: BIOS-provided physical RAM map:
[    0.000000] BIOS-e820: [mem 0x0000000000000000-0x000000000009fbff] usable
[    0.000000] BIOS-e820: [mem 0x000000000009fc00-0x000000000009ffff] reserved
[    0.000000] BIOS-e820: [mem 0x00000000000f0000-0x00000000000fffff] reserved
[    0.000000] BIOS-e820: [mem 0x0000000000100000-0x000000003ffeffff] usable
[    0.000000] BIOS-e820: [mem 0x000000003fff0000-0x000000003fffffff] ACPI data
[    0.000000] BIOS-e820: [mem 0x00000000fec00000-0x00000000fec00fff] reserved
[    0.000000] BIOS-e820: [mem 0x00000000fee00000-0x00000000fee00fff] reserved
[    0.000000] BIOS-e820: [mem 0x00000000fffc0000-0x00000000ffffffff] reserved
[    0.000000] NX (Execute Disable) protection: active
[    0.000000] SMBIOS 2.5 present.
[    0.000000] Hypervisor detected: KVM
[    0.000000] e820: last_pfn = 0x3fff0 max_arch_pfn = 0x400000000
[    0.000000] MTRR: Disabled
[    0.000000] x86/PAT: MTRRs disabled, skipping PAT initialization too.
[    0.000000] CPU MTRRs all blank - virtualized system.
[    0.000000] x86/PAT: Configuration [0-7]: WB  WT  UC- UC  WB  WT  UC- UC  
[    0.000000] found SMP MP-table at [mem 0x0009fff0-0x0009ffff] mapped at [ffff88000009fff0]
[    0.000000] Scanning 1 areas for low memory corruption
[    0.000000] RAMDISK: [mem 0x362fa000-0x37174fff]
[    0.000000] ACPI: Early table checksum verification disabled
[    0.000000] ACPI: RSDP 0x00000000000E0000 000024 (v02 VBOX  )
[    0.000000] ACPI: XSDT 0x000000003FFF0030 00003C (v01 VBOX   VBOXXSDT 00000001 ASL  00000061)
[    0.000000] ACPI: FACP 0x000000003FFF00F0 0000F4 (v04 VBOX   VBOXFACP 00000001 ASL  00000061)
[    0.000000] ACPI: DSDT 0x000000003FFF0470 0021C8 (v02 VBOX   VBOXBIOS 00000002 INTL 20100528)
[    0.000000] ACPI: FACS 0x000000003FFF0200 000040
[    0.000000] ACPI: FACS 0x000000003FFF0200 000040
[    0.000000] ACPI: APIC 0x000000003FFF0240 00005C (v02 VBOX   VBOXAPIC 00000001 ASL  00000061)
[    0.000000] ACPI: SSDT 0x000000003FFF02A0 0001CC (v01 VBOX   VBOXCPUT 00000002 INTL 20100528)
[    0.000000] No NUMA configuration found
[    0.000000] Faking a node at [mem 0x0000000000000000-0x000000003ffeffff]
[    0.000000] NODE_DATA(0) allocated [mem 0x3ffeb000-0x3ffeffff]
[    0.000000] kvm-clock: Using msrs 4b564d01 and 4b564d00
[    0.000000] kvm-clock: cpu 0, msr 0:3ffe3001, primary cpu clock
[    0.000000] kvm-clock: using sched offset of 3148364597 cycles
[    0.000000] clocksource: kvm-clock: mask: 0xffffffffffffffff max_cycles: 0x1cd42e4dffb, max_idle_ns: 881590591483 ns
[    0.000000] Zone ranges:
[    0.000000]   DMA      [mem 0x0000000000001000-0x0000000000ffffff]
[    0.000000]   DMA32    [mem 0x0000000001000000-0x000000003ffeffff]
[    0.000000]   Normal   empty
[    0.000000]   Device   empty
[    0.000000] Movable zone start for each node
[    0.000000] Early memory node ranges
[    0.000000]   node   0: [mem 0x0000000000001000-0x000000000009efff]
[    0.000000]   node   0: [mem 0x0000000000100000-0x000000003ffeffff]
[    0.000000] Initmem setup node 0 [mem 0x0000000000001000-0x000000003ffeffff]
[    0.000000] ACPI: PM-Timer IO Port: 0x4008
[    0.000000] IOAPIC[0]: apic_id 2, version 32, address 0xfec00000, GSI 0-23
[    0.000000] ACPI: INT_SRC_OVR (bus 0 bus_irq 0 global_irq 2 dfl dfl)
[    0.000000] ACPI: INT_SRC_OVR (bus 0 bus_irq 9 global_irq 9 high level)
[    0.000000] Using ACPI (MADT) for SMP configuration information
[    0.000000] smpboot: Allowing 2 CPUs, 0 hotplug CPUs
[    0.000000] PM: Registered nosave memory: [mem 0x00000000-0x00000fff]
[    0.000000] PM: Registered nosave memory: [mem 0x0009f000-0x0009ffff]
[    0.000000] PM: Registered nosave memory: [mem 0x000a0000-0x000effff]
[    0.000000] PM: Registered nosave memory: [mem 0x000f0000-0x000fffff]
[    0.000000] e820: [mem 0x40000000-0xfebfffff] available for PCI devices
[    0.000000] Booting paravirtualized kernel on KVM
[    0.000000] clocksource: refined-jiffies: mask: 0xffffffff max_cycles: 0xffffffff, max_idle_ns: 7645519600211568 ns
[    0.000000] setup_percpu: NR_CPUS:512 nr_cpumask_bits:512 nr_cpu_ids:2 nr_node_ids:1
[    0.000000] PERCPU: Embedded 34 pages/cpu @ffff88003fc00000 s99480 r8192 d31592 u1048576
[    0.000000] Built 1 zonelists in Node order, mobility grouping on.  Total pages: 257912
[    0.000000] Policy zone: DMA32
[    0.000000] Kernel command line: BOOT_IMAGE=/boot/vmlinuz-4.4.0-146-generic root=LABEL=cloudimg-rootfs ro console=tty1 console=ttyS0
[    0.000000] PID hash table entries: 4096 (order: 3, 32768 bytes)
[    0.000000] Memory: 997732K/1048120K available (8609K kernel code, 1334K rwdata, 4028K rodata, 1484K init, 1284K bss, 50388K reserved, 0K cma-reserved)
[    0.000000] SLUB: HWalign=64, Order=0-3, MinObjects=0, CPUs=2, Nodes=1
[    0.000000] Kernel/User page tables isolation: enabled
[    0.000000] Hierarchical RCU implementation.
[    0.000000] 	Build-time adjustment of leaf fanout to 64.
[    0.000000] 	RCU restricting CPUs from NR_CPUS=512 to nr_cpu_ids=2.
[    0.000000] RCU: Adjusting geometry for rcu_fanout_leaf=64, nr_cpu_ids=2
[    0.000000] NR_IRQS:33024 nr_irqs:440 16
[    0.000000] Console: colour VGA+ 80x25
[    0.000000] console [tty1] enabled
[    0.000000] console [ttyS0] enabled
[    0.000000] tsc: Detected 1799.999 MHz processor
[    2.601580] Calibrating delay loop (skipped) preset value.. 3599.99 BogoMIPS (lpj=7199996)
[    2.616526] pid_max: default: 32768 minimum: 301
[    2.633126] ACPI: Core revision 20150930
[    2.643500] ACPI: 2 ACPI AML tables successfully acquired and loaded
[    2.652456] Security Framework initialized
[    2.657232] Yama: becoming mindful.
[    2.667572] AppArmor: AppArmor initialized
[    2.673691] Dentry cache hash table entries: 131072 (order: 8, 1048576 bytes)
[    2.685636] Inode-cache hash table entries: 65536 (order: 7, 524288 bytes)
[    2.697159] Mount-cache hash table entries: 2048 (order: 2, 16384 bytes)
[    2.728379] Mountpoint-cache hash table entries: 2048 (order: 2, 16384 bytes)
[    2.735790] Initializing cgroup subsys io
[    2.785289] Initializing cgroup subsys memory
[    2.842592] Initializing cgroup subsys devices
[    2.903986] Initializing cgroup subsys freezer
[    2.961251] Initializing cgroup subsys net_cls
[    3.016219] Initializing cgroup subsys perf_event
[    3.082765] Initializing cgroup subsys net_prio
[    3.139878] Initializing cgroup subsys hugetlb
[    3.189327] Initializing cgroup subsys pids
[    3.251709] mce: CPU supports 0 MCE banks
[    3.308317] Last level iTLB entries: 4KB 64, 2MB 8, 4MB 8
[    3.385549] Last level dTLB entries: 4KB 64, 2MB 0, 4MB 0, 1GB 4
[    3.408926] Spectre V2 : Mitigation: Full generic retpoline
[    3.410233] Spectre V2 : Spectre v2 / SpectreRSB mitigation: Filling RSB on context switch
[    3.412314] Speculative Store Bypass: Vulnerable
[    3.460150] Freeing SMP alternatives memory: 36K
[    3.510724] ftrace: allocating 32287 entries in 127 pages
[    3.648265] smpboot: APIC(0) Converting physical 0 to logical package 0
[    3.704119] smpboot: Max logical packages: 1
[    3.714729] x2apic enabled
[    3.717911] Switched APIC routing to physical x2apic.
[    3.731688] ..TIMER: vector=0x30 apic1=0 pin1=2 apic2=-1 pin2=-1
[    3.880732] smpboot: CPU0: Intel(R) Core(TM) i5-5350U CPU @ 1.80GHz (family: 0x6, model: 0x3d, stepping: 0x4)
[    3.973123] Performance Events: unsupported p6 CPU model 61 no PMU driver, software events only.
[    3.984691] KVM setup paravirtual spinlock
[    4.052969] x86: Booting SMP configuration:
[    4.091185] .... node  #0, CPUs:      #1
[    4.146789] kvm-clock: cpu 1, msr 0:3ffe3041, secondary cpu clock
[    4.151925] mce: CPU supports 0 MCE banks
[    4.157046] x86: Booted up 1 node, 2 CPUs
[    4.188762] smpboot: Total of 2 processors activated (7199.99 BogoMIPS)
[    4.246504] devtmpfs: initialized
[    4.282199] evm: security.selinux
[    4.309992] evm: security.SMACK64
[    4.346743] evm: security.SMACK64EXEC
[    4.380510] evm: security.SMACK64TRANSMUTE
[    4.417859] evm: security.SMACK64MMAP
[    4.447424] evm: security.ima
[    4.471499] evm: security.capability
[    4.499496] clocksource: jiffies: mask: 0xffffffff max_cycles: 0xffffffff, max_idle_ns: 7645041785100000 ns
[    4.553179] futex hash table entries: 512 (order: 3, 32768 bytes)
[    4.554740] pinctrl core: initialized pinctrl subsystem
[    4.556116] RTC time: 15:19:15, date: 05/13/19
[    4.557643] NET: Registered protocol family 16
[    4.612357] cpuidle: using governor ladder
[    4.664076] cpuidle: using governor menu
[    4.697873] PCCT header not found.
[    4.732172] ACPI: bus type PCI registered
[    4.766583] acpiphp: ACPI Hot Plug PCI Controller Driver version: 0.5
[    4.781117] PCI: Using configuration type 1 for base access
[    4.846983] ACPI: Added _OSI(Module Device)
[    4.858350] ACPI: Added _OSI(Processor Device)
[    4.880369] ACPI: Added _OSI(3.0 _SCP Extensions)
[    4.890694] ACPI: Added _OSI(Processor Aggregator Device)
[    4.900813] ACPI: Executed 1 blocks of module-level executable AML code
[    4.922914] ACPI: Interpreter enabled
[    4.927422] ACPI: (supports S0 S5)
[    4.929626] ACPI: Using IOAPIC for interrupt routing
[    4.942345] PCI: Using host bridge windows from ACPI; if necessary, use "pci=nocrs" and report a bug
[    4.952720] ACPI: PCI Root Bridge [PCI0] (domain 0000 [bus 00-ff])
[    4.990914] acpi PNP0A03:00: _OSC: OS supports [ASPM ClockPM Segments MSI]
[    5.032708] acpi PNP0A03:00: _OSC failed (AE_NOT_FOUND); disabling ASPM
[    5.034205] acpi PNP0A03:00: fail to add MMCONFIG information, can't access extended PCI configuration space under this bridge.
[    5.045824] PCI host bridge to bus 0000:00
[    5.072734] pci_bus 0000:00: root bus resource [io  0x0000-0x0cf7 window]
[    5.080284] pci_bus 0000:00: root bus resource [io  0x0d00-0xffff window]
[    5.082061] pci_bus 0000:00: root bus resource [mem 0x000a0000-0x000bffff window]
[    5.089376] pci_bus 0000:00: root bus resource [mem 0x40000000-0xffdfffff window]
[    5.103565] pci_bus 0000:00: root bus resource [bus 00-ff]
[    5.106527] pci 0000:00:01.1: legacy IDE quirk: reg 0x10: [io  0x01f0-0x01f7]
[    5.114767] pci 0000:00:01.1: legacy IDE quirk: reg 0x14: [io  0x03f6]
[    5.121835] pci 0000:00:01.1: legacy IDE quirk: reg 0x18: [io  0x0170-0x0177]
[    5.128805] pci 0000:00:01.1: legacy IDE quirk: reg 0x1c: [io  0x0376]
[    5.182975] pci 0000:00:07.0: quirk: [io  0x4000-0x403f] claimed by PIIX4 ACPI
[    5.248806] pci 0000:00:07.0: quirk: [io  0x4100-0x410f] claimed by PIIX4 SMB
[    5.284605] ACPI: PCI Interrupt Link [LNKA] (IRQs 5 9 10 *11)
[    5.355077] ACPI: PCI Interrupt Link [LNKB] (IRQs 5 9 10 *11)
[    5.408834] ACPI: PCI Interrupt Link [LNKC] (IRQs 5 9 *10 11)
[    5.453528] ACPI: PCI Interrupt Link [LNKD] (IRQs 5 *9 10 11)
[    5.505043] ACPI: Enabled 2 GPEs in block 00 to 07
[    5.550963] vgaarb: setting as boot device: PCI:0000:00:02.0
[    5.603723] vgaarb: device added: PCI:0000:00:02.0,decodes=io+mem,owns=io+mem,locks=none
[    5.678479] vgaarb: loaded
[    5.695828] vgaarb: bridge control possible 0000:00:02.0
[    5.752144] SCSI subsystem initialized
[    5.786897] ACPI: bus type USB registered
[    5.811452] usbcore: registered new interface driver usbfs
[    5.869246] usbcore: registered new interface driver hub
[    5.900329] usbcore: registered new device driver usb
[    5.942759] PCI: Using ACPI for IRQ routing
[    5.953187] NetLabel: Initializing
[    5.956790] NetLabel:  domain hash size = 128
[    5.973429] NetLabel:  protocols = UNLABELED CIPSOv4
[    5.983397] NetLabel:  unlabeled traffic allowed by default
[    5.993063] amd_nb: Cannot enumerate AMD northbridges
[    6.009349] clocksource: Switched to clocksource kvm-clock
[    6.051873] AppArmor: AppArmor Filesystem Enabled
[    6.084816] pnp: PnP ACPI init
[    6.086619] pnp: PnP ACPI: found 3 devices
[    6.150924] clocksource: acpi_pm: mask: 0xffffff max_cycles: 0xffffff, max_idle_ns: 2085701024 ns
[    6.156166] NET: Registered protocol family 2
[    6.163323] TCP established hash table entries: 8192 (order: 4, 65536 bytes)
[    6.309039] TCP bind hash table entries: 8192 (order: 5, 131072 bytes)
[    6.316500] TCP: Hash tables configured (established 8192 bind 8192)
[    6.326775] UDP hash table entries: 512 (order: 2, 16384 bytes)
[    6.333724] UDP-Lite hash table entries: 512 (order: 2, 16384 bytes)
[    6.335225] NET: Registered protocol family 1
[    6.359008] pci 0000:00:00.0: Limiting direct PCI/PCI transfers
[    6.377203] pci 0000:00:01.0: Activating ISA DMA hang workarounds
[    6.402418] Unpacking initramfs...
[    6.656140] Freeing initrd memory: 14828K
[    6.709832] RAPL PMU detected, API unit is 2^-32 Joules, 4 fixed counters 10737418240 ms ovfl timer
[    6.794628] hw unit of domain pp0-core 2^-0 Joules
[    6.813925] hw unit of domain package 2^-0 Joules
[    6.815551] hw unit of domain dram 2^-0 Joules
[    6.816730] hw unit of domain pp1-gpu 2^-0 Joules
[    6.854292] platform rtc_cmos: registered platform RTC device (no PNP device found)
[    6.952989] Scanning for low memory corruption every 60 seconds
[    7.030606] audit: initializing netlink subsys (disabled)
[    7.082434] audit: type=2000 audit(1557760758.026:1): initialized
[    7.092455] Initialise system trusted keyring
[    7.093860] HugeTLB registered 2 MB page size, pre-allocated 0 pages
[    7.096728] zbud: loaded
[    7.131874] VFS: Disk quotas dquot_6.6.0
[    7.148596] VFS: Dquot-cache hash table entries: 512 (order 0, 4096 bytes)
[    7.180831] squashfs: version 4.0 (2009/01/31) Phillip Lougher
[    7.188247] fuse init (API version 7.23)
[    7.254937] Key type big_key registered
[    7.325043] Allocating IMA MOK and blacklist keyrings.
[    7.405565] Key type asymmetric registered
[    7.451217] Asymmetric key parser 'x509' registered
[    7.502191] Block layer SCSI generic (bsg) driver version 0.4 loaded (major 249)
[    7.567795] io scheduler noop registered
[    7.604426] io scheduler deadline registered (default)
[    7.671288] io scheduler cfq registered
[    7.712570] pci_hotplug: PCI Hot Plug PCI Core version: 0.5
[    7.772948] pciehp: PCI Express Hot Plug Controller Driver version: 0.4
[    7.846747] ACPI: AC Adapter [AC] (off-line)
[    7.918300] tsc: Refined TSC clocksource calibration: 1799.820 MHz
[    7.998372] clocksource: tsc: mask: 0xffffffffffffffff max_cycles: 0x19f17f91287, max_idle_ns: 440795286371 ns
[    7.998532] input: Power Button as /devices/LNXSYSTM:00/LNXPWRBN:00/input/input0
[    7.998535] ACPI: Power Button [PWRF]
[    7.998614] input: Sleep Button as /devices/LNXSYSTM:00/LNXSLPBN:00/input/input1
[    7.998615] ACPI: Sleep Button [SLPF]
[    8.100605] ACPI: Battery Slot [BAT0] (battery present)
[    8.100649] GHES: HEST is not enabled!
[    8.206690] Serial: 8250/16550 driver, 32 ports, IRQ sharing enabled
[    8.245627] 00:02: ttyS0 at I/O 0x3f8 (irq = 4, base_baud = 115200) is a 16550A
[    8.296535] Linux agpgart interface v0.103
[    8.307191] loop: module loaded
[    8.307755] scsi host0: ata_piix
[    8.307820] scsi host1: ata_piix
[    8.307852] ata1: PATA max UDMA/33 cmd 0x1f0 ctl 0x3f6 bmdma 0xd000 irq 14
[    8.307853] ata2: PATA max UDMA/33 cmd 0x170 ctl 0x376 bmdma 0xd008 irq 15
[    8.307933] libphy: Fixed MDIO Bus: probed
[    8.307936] tun: Universal TUN/TAP device driver, 1.6
[    8.307937] tun: (C) 1999-2004 Max Krasnyansky <maxk@qualcomm.com>
[    8.308266] PPP generic driver version 2.4.2
[    8.308330] ehci_hcd: USB 2.0 'Enhanced' Host Controller (EHCI) Driver
[    8.308334] ehci-pci: EHCI PCI platform driver
[    8.308350] ehci-platform: EHCI generic platform driver
[    8.308359] ohci_hcd: USB 1.1 'Open' Host Controller (OHCI) Driver
[    8.308363] ohci-pci: OHCI PCI platform driver
[    8.308372] ohci-platform: OHCI generic platform driver
[    8.308380] uhci_hcd: USB Universal Host Controller Interface driver
[    8.308440] i8042: PNP: PS/2 Controller [PNP0303:PS2K,PNP0f03:PS2M] at 0x60,0x64 irq 1,12
[    8.355382] serio: i8042 KBD port at 0x60,0x64 irq 1
[    8.355388] serio: i8042 AUX port at 0x60,0x64 irq 12
[    8.355549] mousedev: PS/2 mouse device common for all mice
[    8.355862] rtc_cmos rtc_cmos: rtc core: registered rtc_cmos as rtc0
[    8.355919] rtc_cmos rtc_cmos: alarms up to one day, 114 bytes nvram
[    8.355926] i2c /dev entries driver
[    8.355985] device-mapper: uevent: version 1.0.3
[    8.356036] device-mapper: ioctl: 4.34.0-ioctl (2015-10-28) initialised: dm-devel@redhat.com
[    8.356060] ledtrig-cpu: registered to indicate activity on CPUs
[    8.356338] NET: Registered protocol family 10
[    8.356506] NET: Registered protocol family 17
[    8.356515] Key type dns_resolver registered
[    8.356744] registered taskstats version 1
[    8.356759] Loading compiled-in X.509 certificates
[    8.357400] Loaded X.509 cert 'Build time autogenerated kernel key: 4dcb2dc2c7cf43e0c20c44384f68683c20294489'
[    8.357417] zswap: loaded using pool lzo/zbud
[    8.359464] Key type trusted registered
[    8.362560] Key type encrypted registered
[    8.362566] AppArmor: AppArmor sha1 policy hashing enabled
[    8.362568] ima: No TPM chip found, activating TPM-bypass!
[    8.362574] ima: Allocated hash algorithm: sha1
[    8.362586] evm: HMAC attrs: 0x1
[    8.362911]   Magic number: 3:831:335
[    8.362931] tty tty56: hash matches
[    8.363638] rtc_cmos rtc_cmos: setting system clock to 2019-05-13 15:19:19 UTC (1557760759)
[    8.363733] BIOS EDD facility v0.16 2004-Jun-25, 0 devices found
[    8.363734] EDD information not available.
[    8.645764] input: AT Translated Set 2 keyboard as /devices/platform/i8042/serio0/input/input2
[   10.343732] Freeing unused kernel memory: 1484K
[   10.441496] Write protecting the kernel read-only data: 14336k
[   10.455523] Freeing unused kernel memory: 1620K
[   10.465390] Freeing unused kernel memory: 68K
Loading, please wait...
starting version[   10.498946] random: systemd-udevd: uninitialized urandom read (16 bytes read, 7 bits of entropy available)
 229
[   10.499864] random: udevadm: uninitialized urandom read (16 bytes read, 7 bits of entropy available)
[   10.499896] random: udevadm: uninitialized urandom read (16 bytes read, 7 bits of entropy available)
[   10.517663] random: udevadm: uninitialized urandom read (16 bytes read, 7 bits of entropy available)
[   10.517739] random: udevadm: uninitialized urandom read (16 bytes read, 7 bits of entropy available)
[   10.517991] random: udevadm: uninitialized urandom read (16 bytes read, 7 bits of entropy available)
[   10.518086] random: udevadm: uninitialized urandom read (16 bytes read, 7 bits of entropy available)
[   10.518184] random: udevadm: uninitialized urandom read (16 bytes read, 7 bits of entropy available)
[   10.518277] random: udevadm: uninitialized urandom read (16 bytes read, 7 bits of entropy available)
[   10.518366] random: udevadm: uninitialized urandom read (16 bytes read, 7 bits of entropy available)
[   11.600710] e1000: Intel(R) PRO/1000 Network Driver - version 7.3.21-k8-NAPI
[   11.663169] e1000: Copyright (c) 1999-2006 Intel Corporation.
[   11.666319] Fusion MPT base driver 3.04.20
[   11.675017] Copyright (c) 1999-2008 LSI Corporation
[   11.681641] Fusion MPT SPI Host driver 3.04.20
[   11.695750] AVX version of gcm_enc/dec engaged.
[   11.702339] AES CTR mode by8 optimization enabled
[   11.886717] input: ImExPS/2 Generic Explorer Mouse as /devices/platform/i8042/serio1/input/input4
[   12.046748] e1000 0000:00:03.0 eth0: (PCI:33MHz:32-bit) 02:3a:f4:24:e2:72
[   12.177705] e1000 0000:00:03.0 eth0: Intel(R) PRO/1000 Network Connection
[   12.614492] e1000 0000:00:08.0 eth1: (PCI:33MHz:32-bit) 08:00:27:00:dc:67
[   12.632089] e1000 0000:00:08.0 eth1: Intel(R) PRO/1000 Network Connection
[   12.718319] mptbase: ioc0: Initiating bringup
[   12.721077] e1000 0000:00:08.0 enp0s8: renamed from eth1
[   12.805934] e1000 0000:00:03.0 enp0s3: renamed from eth0
[   12.865776] ioc0: LSI53C1030 A0: Capabilities={Initiator}
[   13.057268] scsi host2: ioc0: LSI53C1030 A0, FwRev=00000000h, Ports=1, MaxQ=256, IRQ=20
[   13.316998] scsi 2:0:0:0: Direct-Access     VBOX     HARDDISK         1.0  PQ: 0 ANSI: 5
[   13.454712] scsi target2:0:0: Beginning Domain Validation
[   13.489351] scsi target2:0:0: Domain Validation skipping write tests
[   13.542671] scsi target2:0:0: Ending Domain Validation
[   13.599859] scsi target2:0:0: asynchronous
[   13.648578] scsi 2:0:1:0: Direct-Access     VBOX     HARDDISK         1.0  PQ: 0 ANSI: 5
[   13.743358] scsi target2:0:1: Beginning Domain Validation
[   13.782728] scsi target2:0:1: Domain Validation skipping write tests
[   13.838569] scsi target2:0:1: Ending Domain Validation
[   13.839968] scsi target2:0:1: asynchronous
[   13.849362] sd 2:0:0:0: [sda] 20971520 512-byte logical blocks: (10.7 GB/10.0 GiB)
[   13.849692] sd 2:0:0:0: Attached scsi generic sg0 type 0
[   13.849944] sd 2:0:1:0: Attached scsi generic sg1 type 0
[   13.850961] sd 2:0:1:0: [sdb] 20480 512-byte logical blocks: (10.5 MB/10.0 MiB)
[   13.851167] sd 2:0:1:0: [sdb] Write Protect is off
[   13.851311] sd 2:0:1:0: [sdb] Incomplete mode parameter data
[   13.851313] sd 2:0:1:0: [sdb] Assuming drive cache: write through
[   13.853165] sd 2:0:1:0: [sdb] Attached SCSI disk
[   14.060886] sd 2:0:0:0: [sda] Write Protect is off
[   14.098003] sd 2:0:0:0: [sda] Incomplete mode parameter data
[   14.229846] sd 2:0:0:0: [sda] Assuming drive cache: write through
[   14.309282]  sda: sda1
[   14.359404] sd 2:0:0:0: [sda] Attached SCSI disk
Begin: Loading e[   15.812710] md: linear personality registered for level -1
ssential drivers[   15.870707] md: multipath personality registered for level -4
 ... [   15.900192] md: raid0 personality registered for level 0
[   15.960000] md: raid1 personality registered for level 1
[   16.077374] raid6: sse2x1   gen()  9021 MB/s
[   16.157371] raid6: sse2x1   xor()  4513 MB/s
[   16.237316] raid6: sse2x2   gen()  9422 MB/s
[   16.345416] raid6: sse2x2   xor()  7103 MB/s
[   16.473737] raid6: sse2x4   gen() 12325 MB/s
[   16.637525] raid6: sse2x4   xor()  8298 MB/s
[   16.708865] raid6: using algorithm sse2x4 gen() 12325 MB/s
[   16.772251] raid6: .... xor() 8298 MB/s, rmw enabled
[   16.867768] raid6: using ssse3x2 recovery algorithm
[   16.974399] xor: automatically using best checksumming function:
[   17.025778]    avx       : 24828.000 MB/sec
[   17.087460] async_tx: api initialized (async)
[   17.134832] md: raid6 personality registered for level 6
[   17.150792] md: raid5 personality registered for level 5
[   17.157913] md: raid4 personality registered for level 4
[   17.198864] md: raid10 personality registered for level 10
done.
Begin: Running /scripts/init-premount ... done.
Begin: Mounting root file system ... Begin: Running /scripts/local-top ... done.
Begin: Running /scripts/local-premount ... [   17.273198] Btrfs loaded
Scanning for Btrfs filesystems
done.
Warning: fsck not present, so skipping root file[   17.347530] EXT4-fs (sda1): mounted filesystem with ordered data mode. Opts: (null)
 system
done.
Begin: Running /scripts/local-bottom ... done.
Begin: Running /scripts/init-bottom ... done.
[   17.436745] systemd[1]: systemd 229 running in system mode. (+PAM +AUDIT +SELINUX +IMA +APPARMOR +SMACK +SYSVINIT +UTMP +LIBCRYPTSETUP +GCRYPT +GNUTLS +ACL +XZ -LZ4 +SECCOMP +BLKID +ELFUTILS +KMOD -IDN)
[   17.654137] systemd[1]: Detected virtualization oracle.
[   17.742409] systemd[1]: Detected architecture x86-64.

Welcome to [1mUbuntu 16.04.6 LTS[0m!

[   17.858355] systemd[1]: Set hostname to <ubuntu>.
[   17.924898] systemd[1]: Initializing machine ID from random generator.
[   18.112911] systemd[1]: Installed transient /etc/machine-id file.
[   18.335418] random: nonblocking pool is initialized
[   18.366084] systemd[1]: Listening on LVM2 metadata daemon socket.
[[0;32m  OK  [0m] Listening on LVM2 metadata daemon socket.
[   18.409802] systemd[1]: Listening on Device-mapper event daemon FIFOs.
[[0;32m  OK  [0m] Listening on Device-mapper event daemon FIFOs.
[   18.437665] systemd[1]: Reached target User and Group Name Lookups.
[[0;32m  OK  [0m] Reached target User and Group Name Lookups.
[   18.506540] systemd[1]: Set up automount Arbitrary Executable File Formats File System Automount Point.
[[0;32m  OK  [0m] Set up automount Arbitrary Executab...ats File System Automount Point.
[   18.565998] systemd[1]: Reached target Swap.
[[0;32m  OK  [0m] Reached target Swap.
[   18.665897] systemd[1]: Listening on /dev/initctl Compatibility Named Pipe.
[[0;32m  OK  [0m] Listening on /dev/initctl Compatibility Named Pipe.
[   18.810011] systemd[1]: Started Forward Password Requests to Wall Directory Watch.
[[0;32m  OK  [0m] Started Forward Password Requests to Wall Directory Watch.
[   19.022055] systemd[1]: Listening on LVM2 poll daemon socket.
[[0;32m  OK  [0m] Listening on LVM2 poll daemon socket.
[   19.118779] systemd[1]: Listening on Journal Audit Socket.
[[0;32m  OK  [0m] Listening on Journal Audit Socket.
[   19.282272] systemd[1]: Listening on udev Kernel Socket.
[[0;32m  OK  [0m] Listening on udev Kernel Socket.
[   19.506157] systemd[1]: Created slice System Slice.
[[0;32m  OK  [0m] Created slice System Slice.
[   19.532897] systemd[1]: Listening on Journal Socket.
[[0;32m  OK  [0m] Listening on Journal Socket.
[   19.569785] systemd[1]: Starting Set console keymap...
         Starting Set console keymap...
[   19.622874] systemd[1]: Starting Create list of required static device nodes for the current kernel...
         Starting Create list of required st... nodes for the current kernel...
[   19.698204] systemd[1]: Mounting POSIX Message Queue File System...
         Mounting POSIX Message Queue File System...
[   19.790376] systemd[1]: Starting Nameserver information manager...
         Starting Nameserver information manager...
[   19.889825] systemd[1]: Mounting Debug File System...
         Mounting Debug File System...
[   19.942391] systemd[1]: Created slice system-serial\x2dgetty.slice.
[[0;32m  OK  [0m] Created slice system-serial\x2dgetty.slice.
[   20.134281] systemd[1]: Starting Remount Root and Kernel File Systems...
[   20.138327] EXT4-fs (sda1): re-mounted. Opts: (null)
         Starting Remount Root and Kernel File Systems...
[   20.326012] systemd[1]: Starting Monitoring of LVM2 mirrors, snapshots etc. using dmeventd or progress polling...
         Starting Monitoring of LVM2 mirrors... dmeventd or progress polling...
[   20.432288] systemd[1]: Listening on udev Control Socket.
[[0;32m  OK  [0m] Listening on udev Control Socket.
[   20.595418] systemd[1]: Started Trigger resolvconf update for networkd DNS.
[[0;32m  OK  [0m] Started Trigger resolvconf update for networkd DNS.
[   20.614021] systemd[1]: Reached target System Time Synchronized.
[[0;32m  OK  [0m] Reached target System Time Synchronized.
[   20.669825] systemd[1]: Listening on Journal Socket (/dev/log).
[[0;32m  OK  [0m] Listening on Journal Socket (/dev/log).
[   20.714264] systemd[1]: Mounting Huge Pages File System...
         Mounting Huge Pages File System...
[   20.770916] systemd[1]: Created slice User and Session Slice.
[[0;32m  OK  [0m] Created slice User and Session Slice.
[   20.877745] systemd[1]: Reached target Slices.
[[0;32m  OK  [0m] Reached target Slices.
[   20.906367] systemd[1]: Listening on Syslog Socket.
[[0;32m  OK  [0m] Listening on Syslog Socket.
[   21.033313] systemd[1]: Starting Journal Service...
         Starting Journal Service...
[   21.085942] systemd[1]: Starting Load Kernel Modules...
[   21.102610] Loading iSCSI transport class v2.0-870.
         Startin[   21.200198] iscsi: registered transport (tcp)
g Load Kernel Modules...
[   21.268669] iscsi: registered transport (iser)
[   21.273648] systemd[1]: Starting Uncomplicated firewall...
         Starting Uncomplicated firewall...
[   21.418209] systemd[1]: Reached target Encrypted Volumes.
[[0;32m  OK  [0m] Reached target Encrypted Volumes.
[   21.496293] systemd[1]: Mounted POSIX Message Queue File System.
[[0;32m  OK  [0m] Mounted POSIX Message Queue File System.
[   21.634307] systemd[1]: Mounted Debug File System.
[[0;32m  OK  [0m] Mounted Debug File System.
[   21.729768] systemd[1]: Mounted Huge Pages File System.
[[0;32m  OK  [0m] Mounted Huge Pages File System.
[   21.769920] systemd[1]: Started Journal Service.
[[0;32m  OK  [0m] Started Journal Service.
[[0;32m  OK  [0m] Started Set console keymap.
[[0;32m  OK  [0m] Started Create list of required sta...ce nodes for the current kernel.
[[0;32m  OK  [0m] Started Remount Root and Kernel File Systems.
[[0;32m  OK  [0m] Started Load Kernel Modules.
[[0;32m  OK  [0m] Started Uncomplicated firewall.
[[0;32m  OK  [0m] Started Nameserver information manager.
[[0;32m  OK  [0m] Started LVM2 metadata daemon.
         Mounting FUSE Control File System...
         Starting Apply Kernel Variables...
         Starting udev Coldplug all Devices...
         Starting Load/Save Random Seed...
         Starting Create Static Device Nodes in /dev...
         Starting Flush Journal to Persistent Storage...
[[0;32m  OK  [0m] Mounted FUSE Control File System.
[[0;32m  OK  [0m] Started Apply Kernel Variables.
[[0;32m  OK  [0m] Started Monitoring of LVM2 mirrors,...ng dmeventd or progress polling.
[[0;32m  OK  [0m] Started Load/Save Random Seed.
[[0;32m  OK  [0m] Started Create Static Device Nodes in /dev.
[[0;32m  OK  [0m] Started udev Coldplug all Devices.
[[0;32m  OK  [0m] Started Flush Journal to Persistent Storage.
         Starting udev Kernel Device Manager...
[[0;32m  OK  [0m] Reached target Local File Systems (Pre).
[[0;32m  OK  [0m] Reached target Local File Systems.
         Starting Set console font and keymap...
         Starting LSB: AppArmor initialization...
         Starting Commit a transient machine-id on disk...
         Starting Initial cloud-init job (pre-networking)...
         Starting Tell Plymouth To Write Out Runtime Data...
         Starting Create Volatile Files and Directories...
[[0;32m  OK  [0m] Started udev Kernel Device Manager.
[[0;32m  OK  [0m] Started Commit a transient machine-id on disk.
[[0;32m  OK  [0m] Started Tell Plymouth To Write Out Runtime Data.
[[0;32m  OK  [0m] Started Create Volatile Files and Directories.
[[0;32m  OK  [0m] Found device /dev/ttyS0.
[[0;32m  OK  [0m] Started Set console font and keymap.
[[0;32m  OK  [0m] Listening on Load/Save RF Kill Switch Status /dev/rfkill Watch.
[[0;32m  OK  [0m] Created slice system-getty.slice.
         Starting Update UTMP about System Boot/Shutdown...
[[0;32m  OK  [0m] Started Dispatch Password Requests to Console Directory Watch.
[   18.940148] cloud-init[513]: Cloud-init v. 18.5-45-g3554ffe8-0ubuntu1~16.04.1 running 'init-local' at Mon, 13 May 2019 15:19:34 +0000. Up 18.46 seconds.
[[0;32m  OK  [0m] Started Update UTMP about System Boot/Shutdown.
[[0;32m  OK  [0m] Started LSB: AppArmor initialization.
[[0;32m  OK  [0m] Started Initial cloud-init job (pre-networking).
[[0;32m  OK  [0m] Reached target Network (Pre).
         Starting Raise network interfaces...
[[0;32m  OK  [0m] Started Raise network interfaces.
[[0;32m  OK  [0m] Reached target Network.
         Starting Initial cloud-init job (metadata service crawler)...
[   20.630548] cloud-init[933]: Cloud-init v. 18.5-45-g3554ffe8-0ubuntu1~16.04.1 running 'init' at Mon, 13 May 2019 15:19:36 +0000. Up 19.92 seconds.
[   20.638719] cloud-init[933]: ci-info: ++++++++++++++++++++++++++++++++++++++Net device info+++++++++++++++++++++++++++++++++++++++
[   20.670168] cloud-init[933]: ci-info: +--------+-------+----------------------------+---------------+--------+-------------------+
[   20.678715] cloud-init[933]: ci-info: | Device |   Up  |          Address           |      Mask     | Scope  |     Hw-Address    |
[   20.757270] [cloud-init[0;32m  OK  [0m[933]: ] ci-info: +--------+-------+----------------------------+---------------+--------+-------------------+Started Initial cloud-init job (metadata service crawler).

[   20.758228] cloud-init[933]: ci-info: | enp0s3 |  True |         10.0.2.15          | 255.255.255.0 | global | 02:3a:f4:24:e2:72 |
[   20.896245] [cloud-init[0;32m  OK  [0m[933]: ] ci-info: | enp0s3 |  True | fe80::3a:f4ff:fe24:e272/64 |       .       |  link  | 02:3a:f4:24:e2:72 |Reached target Network is Online.

[   20.896854] cloud-init[933]: ci-info: | enp0s8 | False |             .              |       .       |   .    | 08:00:27:00:dc:67 |
[   21.012961]          cloud-initStarting iSCSI initiator daemon (iscsid)...[933]: 
ci-info: |   lo   |  True |         127.0.0.1          |   255.0.0.0   |  host  |         .         |
[   21.121098] [cloud-init[0;32m  OK  [0m[933]: ] ci-info: |   lo   |  True |          ::1/128           |       .       |  host  |         .         |Reached target Cloud-config availability.

[[0;32m  OK  [0m] Reached target System Initialization.
[[0;32m  OK  [0m] Started Daily apt download activities.
[   21.122145] cloud-init[933]: ci-info: +--------+-------+----------------------------+---------------+--------+-------------------+
[   21.352593] [cloud-init[0;32m  OK  [0m[933]: ] ci-info: +++++++++++++++++++++++++++Route IPv4 info++++++++++++++++++++++++++++Started ACPI Events Check.

[[0;32m  OK  [0m] Reached target Paths.
[   21.353436] cloud-init[933]: ci-info: +-------+-------------+----------+---------------+-----------+-------+
[   21.580902]          cloud-initStarting Socket activation for snappy daemon.[933]: 
ci-info: | Route | Destination | Gateway  |    Genmask    | Interface | Flags |
[   21.692896] [cloud-init[0;32m  OK  [0m[933]: ] ci-info: +-------+-------------+----------+---------------+-----------+-------+Listening on UUID daemon activation socket.

[   21.694111]          Starting LXD - unix socket.
[[0;32m  OK  [0m] Listening on D-Bus System Message Bus Socket.
[[0;32m  OK  [0m] Listening on ACPID Listen Socket.
[[0;32m  OK  [0m] Started Daily apt upgrade and clean activities.
[[0;32m  OK  [0m] Started Daily Cleanup of Temporary Directories.
[[0;32m  OK  [0m] Reached target Timers.
cloud-init[933]: ci-info: |   0   |   0.0.0.0   | 10.0.2.2 |    0.0.0.0    |   enp0s3  |   UG  |
[   22.000986] cloud-init[933]: ci-info: |   1   |   10.0.2.0  | 0.0.0.0  | 255.255.255.0 |   enp0s3  |   U   |
[   22.044457] cloud-init[933]: ci-info: +-------+-------------+----------+---------------+-----------+-------+
[[0;32m  OK  [0m] Listening on Socket activation for snappy daemon.
[[0;32m  OK  [0m] Listening on LXD - unix socket.
[   22.072489] cloud-init[933]: ci-info: +++++++++++++++++++Route IPv6 info+++++++++++++++++++
[   22.176702] cloud-init[933]: ci-info: +-------+-------------+---------+-----------+-------+
[   22.211735] cloud-init[933]: ci-info: | Route | Destination | Gateway | Interface | Flags |
[   22.212416] cloud-init[933]: ci-info: +-------+-------------+---------+-----------+-------+
[[0;32m  OK  [0m] Started iSCSI initiator daemon (iscsid).
[   22.212694] cloud-init[933]: ci-info: |   0   |  fe80::/64  |    ::   |   enp0s3  |   U   |
         [   22.398822] Starting Login to default iSCSI targets...cloud-init
[933]: ci-info: |   3   |   ff00::/8  |    ::   |   enp0s3  |   U   |
[   22.456511] cloud-init[933]: ci-info: +-------+-------------+---------+-----------+-------+
[   22.457026] cloud-init[933]: Generating public/private rsa key pair.
[[0;32m  OK  [0m] Reached target Sockets.
[   22.457261] cloud-init[933]: Your identification has been saved in /etc/ssh/ssh_host_rsa_key.
[   22.536989] cloud-init[933]: Your public key has been saved in /etc/ssh/ssh_host_rsa_key.pub.
[[0;32m  OK  [0m] Reached target Basic System.
[   22.537204] cloud-init[933]: The key fingerprint is:
[   22.611226] cloud-init[933]: SHA256:DRuGaV1dlrcalDPPChkuIyRnKR1qd/hCCtGEv5GwEU8 root@ubuntu-xenial
[   22.656614] cloud-init[933]: The key's randomart image is:
[   22.656981] cloud-init[933]: +---[RSA 2048]----+
[[0;32m  OK  [0m] Started Deferred execution scheduler.
[   22.657229] cloud-init[933]: |   o=E..o .. .+. |
[   22.728870] cloud-init[933]: |   +++.X.. ..*. .|
[[0;32m  OK  [0m] Started Unattended Upgrades Shutdown.
[   22.729109] cloud-init[933]: |   .=+@+=.. + =..|
[   22.763638] cloud-init[933]: |   .o=+ooB + . + |
[   22.773649] cloud-init[933]: |     .o.S.+ . +  |
[   22.774086] cloud-init[933]: |     .  .    o   |
         Starting Pollinate to seed the pseudo random number generator...
[   22.774320] cloud-init[933]: |                 |
[   22.864505] cloud-init[933]: |                 |
[   22.864988] cloud-init[933]: |                 |
[[0;32m  OK  [0m] Started Regular background program processing daemon.
[   22.865229] cloud-init[933]: +----[SHA256]-----+
         Starting Login Service...
[   22.907927] cloud-init[933]: Generating public/private dsa key pair.
[   22.952522] cloud-init[933]: Your identification has been saved in /etc/ssh/ssh_host_dsa_key.
[   22.952955] cloud-init[933]: Your public key has been saved in /etc/ssh/ssh_host_dsa_key.pub.
         Starting Accounts Service...
[   22.953235] cloud-init[933]: The key fingerprint is:
[   23.064506] cloud-init[933]: SHA256:Mc6zu0WqtAw6NNNnvwnxxwtJpNryybVOTOLNXPtzDJQ root@ubuntu-xenial
[   23.065023] cloud-init[933]: The key's randomart image is:
         Starting LSB: Record successful boot for GRUB...
[   23.065160] cloud-init[933]: +---[DSA 1024]----+
[   23.219286] cloud-init[933]: |                 |
[   23.256629] cloud-init[933]: |                 |
[   23.257033] cloud-init[933]: |        +    .   |
         Starting LXD - container startup/shutdown...
[   23.257229] cloud-init[933]: |       = o  E    |
[   23.320772] cloud-init[933]: |   .  + S o.     |
         Starting /etc/rc.local Compatibility...
[   23.340038] cloud-init[933]: |  + .+o@ O ..    |
[[0;32m  OK  [0m] Started FUSE filesystem for LXC.
[   23.387540] cloud-init[933]: | . o+o=.& =  o   |
         Starting Virtualbox guest utils...
[   23.443124] cloud-init[933]: |  .. B B.B o. o  |
[   23.492334] cloud-init[933]: |  ..  B.Bo. .o   |
[   23.492770] cloud-init[933]: +----[SHA256]-----+
[   23.492895] cloud-init[933]: Generating public/private ecdsa key pair.
[   23.493009] cloud-init[933]: Your identification has been saved in /etc/ssh/ssh_host_ecdsa_key.
[   23.493138] cloud-init[933]: Your public key has been saved in /etc/ssh/ssh_host_ecdsa_key.pub.
[   23.493234] cloud-init[933]: The key fingerprint is:
[   23.493329] cloud-init[933]: SHA256:HyjVssGiAzcnGtEfbD1YE5nCF54pwHIS3FI/PwrkZVo root@ubuntu-xenial
[   23.493437] cloud-init[933]: The key's randomart image is:
[   23.493546] cloud-init[933]: +---[ECDSA 256]---+
[   23.493630] cloud-init[933]: | .o*oo +==       |
[   23.493717] cloud-init[933]: |  =.=oBo*=       |
[   23.493802] cloud-init[933]: |  o==oE+O..      |
[   23.493903] cloud-init[933]: |   B X.* =       |
[   23.494009] cloud-init[933]: |  . * . S .      |
[   23.494106] cloud-init[933]: |     o o o .     |
[   23.494200] cloud-init[933]: |      .   .      |
[   23.494311] cloud-init[933]: |                 |
[   23.494419] cloud-init[933]: |                 |
[   23.494506] cloud-init[933]: +----[SHA256]-----+
[   23.494605] cloud-init[933]: Generating public/private ed25519 key pair.
[   23.494703] cloud-init[933]: Your identification has been saved in /etc/ssh/ssh_host_ed25519_key.
[   23.494811] cloud-init[933]: Your public key has been saved in /etc/ssh/ssh_host_ed25519_key.pub.
[   23.494899] cloud-init[933]: The key fingerprint is:
[   23.495008] cloud-init[933]: SHA256:hnbRkwz/Oi+B73/Y/Pyyk4IH4xwGmM1zI5bi4WkSXTY root@ubuntu-xenial
[   23.495097] cloud-init[933]: The key's randomart image is:
[   23.495202] cloud-init[933]: +--[ED25519 256]--+
[   23.495290] cloud-init[933]: |        .        |
[   23.495406] cloud-init[933]: |        E= .     |
[[0;32m  OK  [0m] Started ACPI event daemon.
[   23.496306] cloud-init[933]: |     . B.o*      |
[   23.988519] cloud-init[933]: |    . *.O.oo     |
[   23.989051] cloud-init[933]: |     +o=S* ..    |
[[0;32m  OK  [0m] Started D-Bus System Message Bus.
[   23.989267] cloud-init[933]: |    ..=o. *.     |
[   24.016308] cloud-init[933]: |     o   =o* + . |
[   24.030198] cloud-init[933]: |          *o+ B. |
[   24.030671] cloud-init[933]: |         ..+oo.==|
         Starting LSB: MD monitoring daemon...
[   24.030902] cloud-init[933]: +----[SHA256]-----+
         Starting System Logging Service...
         Starting Snappy daemon...
[[0;32m  OK  [0m] Started System Logging Service.
[[0;32m  OK  [0m] Started Pollinate to seed the pseudo random number generator.
[[0;32m  OK  [0m] Started LXD - container startup/shutdown.
[[0;32m  OK  [0m] Started /etc/rc.local Compatibility.
[[0;32m  OK  [0m] Started Snappy daemon.
[[0;32m  OK  [0m] Started Login to default iSCSI targets.
[[0;32m  OK  [0m] Started LSB: Record successful boot for GRUB.
[[0;32m  OK  [0m] Started LSB: MD monitoring daemon.
[[0;32m  OK  [0m] Started Login Service.
         Starting Authenticate and Authorize Users to Run Privileged Tasks...
[[0;32m  OK  [0m] Reached target Remote File Systems (Pre).
[[0;32m  OK  [0m] Reached target Remote File Systems.
         Starting LSB: daemon to balance interrupts for SMP systems...
         Starting LSB: Set the CPU Frequency Scaling governor to "ondemand"...
         Starting LSB: automatic crash report generation...
         Starting Permit User Sessions...
         Starting Wait until snapd is fully seeded...
         Starting OpenBSD Secure Shell server...
[[0;32m  OK  [0m] Started Permit User Sessions.
[[0;32m  OK  [0m] Started Virtualbox guest utils.
[[0;32m  OK  [0m] Started Authenticate and Authorize Users to Run Privileged Tasks.
[[0;32m  OK  [0m] Started OpenBSD Secure Shell server.
[[0;32m  OK  [0m] Started Accounts Service.
[[0;32m  OK  [0m] Started LSB: Set the CPU Frequency Scaling governor to "ondemand".
[[0;32m  OK  [0m] Started LSB: daemon to balance interrupts for SMP systems.
         Starting Hold until boot process finishes up...
         Starting Terminate Plymouth Boot Screen...
[[0;32m  OK  [0m] Started LSB: automatic crash report generation.
[[0;32m  OK  [0m] Started Hold until boot process finishes up.
[[0;32m  OK  [0m] Started Terminate Plymouth Boot Screen.
[[0;32m  OK  [0m] Created slice User Slice of vagrant.
[[0;32m  OK  [0m] Started Session 1 of user vagrant.
         Starting User Manager for UID 1000...
[[0;32m  OK  [0m] Started Getty on tty1.
[[0;32m  OK  [0m] Started Serial Getty on ttyS0.
[[0;32m  OK  [0m] Reached target Login Prompts.
         Starting Set console scheme...
[[0;32m  OK  [0m] Started User Manager for UID 1000.
[[0;32m  OK  [0m] Started Set console scheme.
[[0;32m  OK  [0m] Started Wait until snapd is fully seeded.
         Starting Apply the settings specified in cloud-config...
[[0;32m  OK  [0m] Reached target Multi-User System.
[[0;32m  OK  [0m] Reached target Graphical Interface.
         Starting Update UTMP about System Runlevel Changes...
[[0;32m  OK  [0m] Started Update UTMP about System Runlevel Changes.
         Stopping User Manager for UID 1000...
[[0;32m  OK  [0m] Stopped User Manager for UID 1000.
[[0;32m  OK  [0m] Removed slice User Slice of vagrant.
[   27.512286] cloud-init[1420]: Generating locales (this might take a while)...
[[0;32m  OK  [0m] Created slice User Slice of vagrant.
         Starting User Manager for UID 1000...
[[0;32m  OK  [0m] Started Session 2 of user vagrant.
[[0;32m  OK  [0m] Started User Manager for UID 1000.
[   28.433456] cloud-init[1420]:   en_US.UTF-8... done
[   28.472535] cloud-init[1420]: Generation complete.
[   28.775499] cloud-init[1420]: Cloud-init v. 18.5-45-g3554ffe8-0ubuntu1~16.04.1 running 'modules:config' at Mon, 13 May 2019 15:19:43 +0000. Up 27.25 seconds.
[[0;32m  OK  [0m] Started Apply the settings specified in cloud-config.
         Starting Execute cloud user/final scripts...
ci-info: no authorized ssh keys fingerprints found for user ubuntu.
<14>May 13 15:19:45 ec2: 
<14>May 13 15:19:45 ec2: #############################################################
<14>May 13 15:19:45 ec2: -----BEGIN SSH HOST KEY FINGERPRINTS-----
<14>May 13 15:19:45 ec2: 1024 SHA256:Mc6zu0WqtAw6NNNnvwnxxwtJpNryybVOTOLNXPtzDJQ root@ubuntu-xenial (DSA)
<14>May 13 15:19:45 ec2: 256 SHA256:HyjVssGiAzcnGtEfbD1YE5nCF54pwHIS3FI/PwrkZVo root@ubuntu-xenial (ECDSA)
<14>May 13 15:19:45 ec2: 256 SHA256:hnbRkwz/Oi+B73/Y/Pyyk4IH4xwGmM1zI5bi4WkSXTY root@ubuntu-xenial (ED25519)
<14>May 13 15:19:45 ec2: 2048 SHA256:DRuGaV1dlrcalDPPChkuIyRnKR1qd/hCCtGEv5GwEU8 root@ubuntu-xenial (RSA)
<14>May 13 15:19:45 ec2: -----END SSH HOST KEY FINGERPRINTS-----
<14>May 13 15:19:45 ec2: #############################################################
-----BEGIN SSH HOST KEY KEYS-----
ecdsa-sha2-nistp256 AAAAE2VjZHNhLXNoYTItbmlzdHAyNTYAAAAIbmlzdHAyNTYAAABBBM3GEsJZZPci7MAYM/oGQAHCHC2AqWRxO9PG182uHCSCt/qYlNaUASdzezqnAwmcl5LDaUNkT5qYASujmpILWfo= root@ubuntu-xenial
ssh-ed25519 AAAAC3NzaC1lZDI1NTE5AAAAIF78VlKAXQivBUgDNWOnZCmysFNFercRuEkTleBXsnil root@ubuntu-xenial
ssh-rsa AAAAB3NzaC1yc2EAAAADAQABAAABAQC/9lirEx4a0YKP0AMoq/unnLFHaFQcgYhOwZOaei1MQdQSASxJlgTUraX6SWPPA8w0+Z+b8v3OoDEVD/Uh5efyeUueWoroLG2/x378dso/ej6dTpbvadU5EJEo+0Hu1U0sbfjaYkERKxstHQCjVz46x9Djkf20oqkDCcA26LpSI/lHlRxw3CHnU3MtM1BvCX5t+iB2UfwyoDHaL3Hc60yVe4dXIMnmu9N8RPDd2vh860JUtOJv5T+EfFYSi5wpvvSFTX//t4EYfaMm2HJGLe/pDM79uc/ej+23fU0OcGyTOKaiBuPDOhRpDZ2a5Bs2uPj+GFk6WiDi5VFqMCiIvTOd root@ubuntu-xenial
-----END SSH HOST KEY KEYS-----
[   30.400179] cloud-init[1576]: Cloud-init v. 18.5-45-g3554ffe8-0ubuntu1~16.04.1 running 'modules:final' at Mon, 13 May 2019 15:19:45 +0000. Up 29.27 seconds.
[   30.500098] [1576]: ci-info: no authorized ssh keys fingerprints found for user ubuntu.
[   30.564766] cloud-init[1576]: Cloud-init v. 18.5-45-g3554ffe8-0ubuntu1~16.04.1 finished at Mon, 13 May 2019 15:19:46 +0000. Datasource DataSourceNoCloud [seed=/dev/sdb][dsmode=net].  Up 30.39 seconds

Ubuntu 16.04.6 LTS ubuntu-xenial ttyS0

ubuntu-xenial login: 